{"A:\\CuB1\\TripFlow\\frontend\\src\\Router.tsx": {"path":"A:\\CuB1\\TripFlow\\frontend\\src\\Router.tsx","all":true,"statementMap":{"0":{"start":{"line":1,"column":0},"end":{"line":1,"column":70}},"4":{"start":{"line":5,"column":0},"end":{"line":5,"column":37}},"5":{"start":{"line":6,"column":0},"end":{"line":6,"column":37}},"6":{"start":{"line":7,"column":0},"end":{"line":7,"column":43}},"7":{"start":{"line":8,"column":0},"end":{"line":8,"column":45}},"8":{"start":{"line":9,"column":0},"end":{"line":9,"column":61}},"9":{"start":{"line":10,"column":0},"end":{"line":10,"column":69}},"10":{"start":{"line":11,"column":0},"end":{"line":11,"column":63}},"11":{"start":{"line":12,"column":0},"end":{"line":12,"column":65}},"12":{"start":{"line":13,"column":0},"end":{"line":13,"column":41}},"13":{"start":{"line":14,"column":0},"end":{"line":14,"column":39}},"15":{"start":{"line":16,"column":0},"end":{"line":16,"column":51}},"16":{"start":{"line":17,"column":0},"end":{"line":17,"column":51}},"22":{"start":{"line":23,"column":0},"end":{"line":23,"column":62}},"23":{"start":{"line":24,"column":0},"end":{"line":24,"column":29}},"24":{"start":{"line":25,"column":0},"end":{"line":25,"column":29}},"26":{"start":{"line":27,"column":0},"end":{"line":27,"column":28}},"28":{"start":{"line":29,"column":0},"end":{"line":29,"column":53}},"29":{"start":{"line":30,"column":0},"end":{"line":30,"column":18}},"30":{"start":{"line":31,"column":0},"end":{"line":31,"column":1}},"32":{"start":{"line":33,"column":0},"end":{"line":33,"column":34}},"33":{"start":{"line":34,"column":0},"end":{"line":34,"column":10}},"34":{"start":{"line":35,"column":0},"end":{"line":35,"column":19}},"35":{"start":{"line":36,"column":0},"end":{"line":36,"column":14}},"37":{"start":{"line":38,"column":0},"end":{"line":38,"column":47}},"38":{"start":{"line":39,"column":0},"end":{"line":39,"column":55}},"39":{"start":{"line":40,"column":0},"end":{"line":40,"column":59}},"42":{"start":{"line":43,"column":0},"end":{"line":43,"column":92}},"43":{"start":{"line":44,"column":0},"end":{"line":44,"column":35}},"44":{"start":{"line":45,"column":0},"end":{"line":45,"column":86}},"45":{"start":{"line":46,"column":0},"end":{"line":46,"column":30}},"46":{"start":{"line":47,"column":0},"end":{"line":47,"column":94}},"47":{"start":{"line":48,"column":0},"end":{"line":48,"column":114}},"48":{"start":{"line":49,"column":0},"end":{"line":49,"column":20}},"49":{"start":{"line":50,"column":0},"end":{"line":50,"column":92}},"50":{"start":{"line":51,"column":0},"end":{"line":51,"column":16}},"51":{"start":{"line":52,"column":0},"end":{"line":52,"column":88}},"54":{"start":{"line":55,"column":0},"end":{"line":55,"column":52}},"55":{"start":{"line":56,"column":0},"end":{"line":56,"column":67}},"56":{"start":{"line":57,"column":0},"end":{"line":57,"column":15}},"57":{"start":{"line":58,"column":0},"end":{"line":58,"column":20}},"59":{"start":{"line":60,"column":0},"end":{"line":60,"column":1}}},"s":{"0":0,"4":0,"5":0,"6":0,"7":0,"8":0,"9":0,"10":0,"11":0,"12":0,"13":0,"15":0,"16":0,"22":0,"23":0,"24":0,"26":0,"28":0,"29":0,"30":0,"32":0,"33":0,"34":0,"35":0,"37":0,"38":0,"39":0,"42":0,"43":0,"44":0,"45":0,"46":0,"47":0,"48":0,"49":0,"50":0,"51":0,"54":0,"55":0,"56":0,"57":0,"59":0},"branchMap":{"0":{"type":"branch","line":1,"loc":{"start":{"line":1,"column":2333},"end":{"line":60,"column":1}},"locations":[{"start":{"line":1,"column":2333},"end":{"line":60,"column":1}}]}},"b":{"0":[0]},"fnMap":{"0":{"name":"(empty-report)","decl":{"start":{"line":1,"column":2333},"end":{"line":60,"column":1}},"loc":{"start":{"line":1,"column":2333},"end":{"line":60,"column":1}},"line":1}},"f":{"0":0}}
,"A:\\CuB1\\TripFlow\\frontend\\src\\main.tsx": {"path":"A:\\CuB1\\TripFlow\\frontend\\src\\main.tsx","all":true,"statementMap":{"0":{"start":{"line":1,"column":0},"end":{"line":1,"column":29}},"2":{"start":{"line":3,"column":0},"end":{"line":3,"column":46}},"3":{"start":{"line":4,"column":0},"end":{"line":4,"column":56}},"4":{"start":{"line":5,"column":0},"end":{"line":5,"column":56}},"5":{"start":{"line":6,"column":0},"end":{"line":6,"column":30}},"7":{"start":{"line":8,"column":0},"end":{"line":8,"column":52}},"8":{"start":{"line":9,"column":0},"end":{"line":9,"column":18}},"9":{"start":{"line":10,"column":0},"end":{"line":10,"column":22}},"10":{"start":{"line":11,"column":0},"end":{"line":11,"column":22}},"11":{"start":{"line":12,"column":0},"end":{"line":12,"column":23}},"12":{"start":{"line":13,"column":0},"end":{"line":13,"column":19}},"13":{"start":{"line":14,"column":0},"end":{"line":14,"column":2}}},"s":{"0":0,"2":0,"3":0,"4":0,"5":0,"7":0,"8":0,"9":0,"10":0,"11":0,"12":0,"13":0},"branchMap":{"0":{"type":"branch","line":1,"loc":{"start":{"line":1,"column":341},"end":{"line":14,"column":-262}},"locations":[{"start":{"line":1,"column":341},"end":{"line":14,"column":-262}}]}},"b":{"0":[0]},"fnMap":{"0":{"name":"(empty-report)","decl":{"start":{"line":1,"column":341},"end":{"line":14,"column":-262}},"loc":{"start":{"line":1,"column":341},"end":{"line":14,"column":-262}},"line":1}},"f":{"0":0}}
,"A:\\CuB1\\TripFlow\\frontend\\src\\components\\Test.tsx": {"path":"A:\\CuB1\\TripFlow\\frontend\\src\\components\\Test.tsx","all":false,"statementMap":{"2":{"start":{"line":3,"column":0},"end":{"line":3,"column":60}},"3":{"start":{"line":4,"column":0},"end":{"line":4,"column":25}},"4":{"start":{"line":5,"column":0},"end":{"line":5,"column":1}}},"s":{"2":1,"3":1,"4":1},"branchMap":{"0":{"type":"branch","line":3,"loc":{"start":{"line":3,"column":0},"end":{"line":5,"column":1}},"locations":[{"start":{"line":3,"column":0},"end":{"line":5,"column":1}}]}},"b":{"0":[1]},"fnMap":{"0":{"name":"Test","decl":{"start":{"line":3,"column":0},"end":{"line":5,"column":1}},"loc":{"start":{"line":3,"column":0},"end":{"line":5,"column":1}},"line":3}},"f":{"0":1}}
,"A:\\CuB1\\TripFlow\\frontend\\src\\components\\buttons\\DemoButton.tsx": {"path":"A:\\CuB1\\TripFlow\\frontend\\src\\components\\buttons\\DemoButton.tsx","all":false,"statementMap":{"0":{"start":{"line":1,"column":0},"end":{"line":1,"column":51}},"1":{"start":{"line":2,"column":0},"end":{"line":2,"column":51}},"5":{"start":{"line":6,"column":0},"end":{"line":6,"column":47}},"6":{"start":{"line":7,"column":0},"end":{"line":7,"column":43}},"10":{"start":{"line":11,"column":0},"end":{"line":11,"column":2}},"12":{"start":{"line":13,"column":0},"end":{"line":13,"column":36}},"13":{"start":{"line":14,"column":0},"end":{"line":14,"column":25}},"14":{"start":{"line":15,"column":0},"end":{"line":15,"column":31}},"15":{"start":{"line":16,"column":0},"end":{"line":16,"column":1}},"17":{"start":{"line":18,"column":0},"end":{"line":18,"column":78}},"18":{"start":{"line":19,"column":0},"end":{"line":19,"column":61}},"19":{"start":{"line":20,"column":0},"end":{"line":20,"column":40}},"20":{"start":{"line":21,"column":0},"end":{"line":21,"column":35}},"22":{"start":{"line":23,"column":0},"end":{"line":23,"column":31}},"23":{"start":{"line":24,"column":0},"end":{"line":24,"column":19}},"24":{"start":{"line":25,"column":0},"end":{"line":25,"column":29}},"25":{"start":{"line":26,"column":0},"end":{"line":26,"column":21}},"26":{"start":{"line":27,"column":0},"end":{"line":27,"column":26}},"27":{"start":{"line":28,"column":0},"end":{"line":28,"column":16}},"28":{"start":{"line":29,"column":0},"end":{"line":29,"column":27}},"29":{"start":{"line":30,"column":0},"end":{"line":30,"column":32}},"30":{"start":{"line":31,"column":0},"end":{"line":31,"column":35}},"31":{"start":{"line":32,"column":0},"end":{"line":32,"column":9}},"32":{"start":{"line":33,"column":0},"end":{"line":33,"column":6}},"34":{"start":{"line":35,"column":0},"end":{"line":35,"column":12}},"35":{"start":{"line":36,"column":0},"end":{"line":36,"column":15}},"36":{"start":{"line":37,"column":0},"end":{"line":37,"column":27}},"37":{"start":{"line":38,"column":0},"end":{"line":38,"column":59}},"38":{"start":{"line":39,"column":0},"end":{"line":39,"column":33}},"39":{"start":{"line":40,"column":0},"end":{"line":40,"column":10}},"41":{"start":{"line":42,"column":0},"end":{"line":42,"column":1}}},"s":{"0":1,"1":1,"5":1,"6":1,"10":1,"12":1,"13":1,"14":1,"15":1,"17":24,"18":24,"19":24,"20":24,"22":24,"23":0,"24":0,"25":0,"26":0,"27":0,"28":0,"29":0,"30":0,"31":0,"32":0,"34":24,"35":24,"36":24,"37":24,"38":24,"39":24,"41":24},"branchMap":{"0":{"type":"branch","line":18,"loc":{"start":{"line":18,"column":0},"end":{"line":42,"column":1}},"locations":[{"start":{"line":18,"column":0},"end":{"line":42,"column":1}}]},"1":{"type":"branch","line":38,"loc":{"start":{"line":38,"column":19},"end":{"line":38,"column":45}},"locations":[{"start":{"line":38,"column":19},"end":{"line":38,"column":45}}]}},"b":{"0":[24],"1":[0]},"fnMap":{"0":{"name":"DemoButton","decl":{"start":{"line":18,"column":0},"end":{"line":42,"column":1}},"loc":{"start":{"line":18,"column":0},"end":{"line":42,"column":1}},"line":18},"1":{"name":"handleClick","decl":{"start":{"line":23,"column":24},"end":{"line":33,"column":6}},"loc":{"start":{"line":23,"column":24},"end":{"line":33,"column":6}},"line":23}},"f":{"0":24,"1":0}}
,"A:\\CuB1\\TripFlow\\frontend\\src\\components\\buttons\\LogoutButton.tsx": {"path":"A:\\CuB1\\TripFlow\\frontend\\src\\components\\buttons\\LogoutButton.tsx","all":true,"statementMap":{"0":{"start":{"line":1,"column":0},"end":{"line":1,"column":43}},"2":{"start":{"line":3,"column":0},"end":{"line":3,"column":51}},"3":{"start":{"line":4,"column":0},"end":{"line":4,"column":51}},"5":{"start":{"line":6,"column":0},"end":{"line":6,"column":47}},"6":{"start":{"line":7,"column":0},"end":{"line":7,"column":44}},"7":{"start":{"line":8,"column":0},"end":{"line":8,"column":42}},"14":{"start":{"line":15,"column":0},"end":{"line":15,"column":77}},"15":{"start":{"line":16,"column":0},"end":{"line":16,"column":33}},"16":{"start":{"line":17,"column":0},"end":{"line":17,"column":41}},"17":{"start":{"line":18,"column":0},"end":{"line":18,"column":29}},"18":{"start":{"line":19,"column":0},"end":{"line":19,"column":37}},"20":{"start":{"line":21,"column":0},"end":{"line":21,"column":54}},"22":{"start":{"line":23,"column":0},"end":{"line":23,"column":32}},"23":{"start":{"line":24,"column":0},"end":{"line":24,"column":17}},"24":{"start":{"line":25,"column":0},"end":{"line":25,"column":25}},"25":{"start":{"line":26,"column":0},"end":{"line":26,"column":31}},"26":{"start":{"line":27,"column":0},"end":{"line":27,"column":5}},"28":{"start":{"line":29,"column":0},"end":{"line":29,"column":12}},"29":{"start":{"line":30,"column":0},"end":{"line":30,"column":15}},"30":{"start":{"line":31,"column":0},"end":{"line":31,"column":64}},"31":{"start":{"line":32,"column":0},"end":{"line":32,"column":33}},"32":{"start":{"line":33,"column":0},"end":{"line":33,"column":34}},"34":{"start":{"line":35,"column":0},"end":{"line":35,"column":36}},"35":{"start":{"line":36,"column":0},"end":{"line":36,"column":17}},"37":{"start":{"line":38,"column":0},"end":{"line":38,"column":1}}},"s":{"0":0,"2":0,"3":0,"5":0,"6":0,"7":0,"14":0,"15":0,"16":0,"17":0,"18":0,"20":0,"22":0,"23":0,"24":0,"25":0,"26":0,"28":0,"29":0,"30":0,"31":0,"32":0,"34":0,"35":0,"37":0},"branchMap":{"0":{"type":"branch","line":1,"loc":{"start":{"line":1,"column":1031},"end":{"line":38,"column":1}},"locations":[{"start":{"line":1,"column":1031},"end":{"line":38,"column":1}}]}},"b":{"0":[0]},"fnMap":{"0":{"name":"(empty-report)","decl":{"start":{"line":1,"column":1031},"end":{"line":38,"column":1}},"loc":{"start":{"line":1,"column":1031},"end":{"line":38,"column":1}},"line":1}},"f":{"0":0}}
,"A:\\CuB1\\TripFlow\\frontend\\src\\components\\dashboard\\BasicInfoSection.tsx": {"path":"A:\\CuB1\\TripFlow\\frontend\\src\\components\\dashboard\\BasicInfoSection.tsx","all":false,"statementMap":{"0":{"start":{"line":1,"column":0},"end":{"line":1,"column":79}},"4":{"start":{"line":5,"column":0},"end":{"line":5,"column":72}},"6":{"start":{"line":7,"column":0},"end":{"line":7,"column":37}},"8":{"start":{"line":9,"column":0},"end":{"line":9,"column":60}},"9":{"start":{"line":10,"column":0},"end":{"line":10,"column":51}},"17":{"start":{"line":18,"column":0},"end":{"line":18,"column":42}},"18":{"start":{"line":19,"column":0},"end":{"line":19,"column":14}},"19":{"start":{"line":20,"column":0},"end":{"line":20,"column":22}},"20":{"start":{"line":21,"column":0},"end":{"line":21,"column":16}},"21":{"start":{"line":22,"column":0},"end":{"line":22,"column":27}},"22":{"start":{"line":23,"column":0},"end":{"line":23,"column":102}},"24":{"start":{"line":25,"column":0},"end":{"line":25,"column":12}},"25":{"start":{"line":26,"column":0},"end":{"line":26,"column":46}},"26":{"start":{"line":27,"column":0},"end":{"line":27,"column":50}},"27":{"start":{"line":28,"column":0},"end":{"line":28,"column":35}},"28":{"start":{"line":29,"column":0},"end":{"line":29,"column":46}},"29":{"start":{"line":30,"column":0},"end":{"line":30,"column":18}},"31":{"start":{"line":32,"column":0},"end":{"line":32,"column":45}},"32":{"start":{"line":33,"column":0},"end":{"line":33,"column":49}},"33":{"start":{"line":34,"column":0},"end":{"line":34,"column":30}},"34":{"start":{"line":35,"column":0},"end":{"line":35,"column":40}},"35":{"start":{"line":36,"column":0},"end":{"line":36,"column":37}},"36":{"start":{"line":37,"column":0},"end":{"line":37,"column":66}},"37":{"start":{"line":38,"column":0},"end":{"line":38,"column":33}},"38":{"start":{"line":39,"column":0},"end":{"line":39,"column":22}},"39":{"start":{"line":40,"column":0},"end":{"line":40,"column":19}},"40":{"start":{"line":41,"column":0},"end":{"line":41,"column":18}},"42":{"start":{"line":43,"column":0},"end":{"line":43,"column":24}},"43":{"start":{"line":44,"column":0},"end":{"line":44,"column":37}},"44":{"start":{"line":45,"column":0},"end":{"line":45,"column":43}},"45":{"start":{"line":46,"column":0},"end":{"line":46,"column":14}},"46":{"start":{"line":47,"column":0},"end":{"line":47,"column":18}},"48":{"start":{"line":49,"column":0},"end":{"line":49,"column":1}}},"s":{"0":1,"4":1,"6":1,"8":1,"9":1,"17":16,"18":16,"19":16,"20":16,"21":16,"22":16,"24":16,"25":16,"26":16,"27":16,"28":16,"29":16,"31":16,"32":16,"33":32,"34":32,"35":32,"36":32,"37":32,"38":32,"39":16,"40":16,"42":16,"43":16,"44":16,"45":16,"46":16,"48":16},"branchMap":{"0":{"type":"branch","line":18,"loc":{"start":{"line":18,"column":0},"end":{"line":49,"column":1}},"locations":[{"start":{"line":18,"column":0},"end":{"line":49,"column":1}}]},"1":{"type":"branch","line":33,"loc":{"start":{"line":33,"column":37},"end":{"line":39,"column":22}},"locations":[{"start":{"line":33,"column":37},"end":{"line":39,"column":22}}]}},"b":{"0":[16],"1":[32]},"fnMap":{"0":{"name":"BasicInfoSection","decl":{"start":{"line":18,"column":0},"end":{"line":49,"column":1}},"loc":{"start":{"line":18,"column":0},"end":{"line":49,"column":1}},"line":18}},"f":{"0":16}}
,"A:\\CuB1\\TripFlow\\frontend\\src\\components\\dashboard\\DashboardHeader.tsx": {"path":"A:\\CuB1\\TripFlow\\frontend\\src\\components\\dashboard\\DashboardHeader.tsx","all":false,"statementMap":{"0":{"start":{"line":1,"column":0},"end":{"line":1,"column":77}},"10":{"start":{"line":11,"column":0},"end":{"line":11,"column":107}},"11":{"start":{"line":12,"column":0},"end":{"line":12,"column":12}},"12":{"start":{"line":13,"column":0},"end":{"line":13,"column":42}},"13":{"start":{"line":14,"column":0},"end":{"line":14,"column":53}},"14":{"start":{"line":15,"column":0},"end":{"line":15,"column":71}},"15":{"start":{"line":16,"column":0},"end":{"line":16,"column":65}},"16":{"start":{"line":17,"column":0},"end":{"line":17,"column":17}},"18":{"start":{"line":19,"column":0},"end":{"line":19,"column":1}}},"s":{"0":1,"10":15,"11":15,"12":15,"13":15,"14":15,"15":15,"16":15,"18":15},"branchMap":{"0":{"type":"branch","line":11,"loc":{"start":{"line":11,"column":0},"end":{"line":19,"column":1}},"locations":[{"start":{"line":11,"column":0},"end":{"line":19,"column":1}}]}},"b":{"0":[15]},"fnMap":{"0":{"name":"DashboardHeader","decl":{"start":{"line":11,"column":0},"end":{"line":19,"column":1}},"loc":{"start":{"line":11,"column":0},"end":{"line":19,"column":1}},"line":11}},"f":{"0":15}}
,"A:\\CuB1\\TripFlow\\frontend\\src\\components\\dashboard\\DayCard.tsx": {"path":"A:\\CuB1\\TripFlow\\frontend\\src\\components\\dashboard\\DayCard.tsx","all":false,"statementMap":{"0":{"start":{"line":1,"column":0},"end":{"line":1,"column":70}},"4":{"start":{"line":5,"column":0},"end":{"line":5,"column":58}},"6":{"start":{"line":7,"column":0},"end":{"line":7,"column":48}},"7":{"start":{"line":8,"column":0},"end":{"line":8,"column":57}},"19":{"start":{"line":20,"column":0},"end":{"line":20,"column":33}},"20":{"start":{"line":21,"column":0},"end":{"line":21,"column":8}},"21":{"start":{"line":22,"column":0},"end":{"line":22,"column":14}},"22":{"start":{"line":23,"column":0},"end":{"line":23,"column":18}},"23":{"start":{"line":24,"column":0},"end":{"line":24,"column":16}},"24":{"start":{"line":25,"column":0},"end":{"line":25,"column":21}},"25":{"start":{"line":26,"column":0},"end":{"line":26,"column":21}},"26":{"start":{"line":27,"column":0},"end":{"line":27,"column":28}},"27":{"start":{"line":28,"column":0},"end":{"line":28,"column":18}},"28":{"start":{"line":29,"column":0},"end":{"line":29,"column":12}},"29":{"start":{"line":30,"column":0},"end":{"line":30,"column":40}},"30":{"start":{"line":31,"column":0},"end":{"line":31,"column":46}},"31":{"start":{"line":32,"column":0},"end":{"line":32,"column":49}},"32":{"start":{"line":33,"column":0},"end":{"line":33,"column":46}},"33":{"start":{"line":34,"column":0},"end":{"line":34,"column":74}},"34":{"start":{"line":35,"column":0},"end":{"line":35,"column":22}},"35":{"start":{"line":36,"column":0},"end":{"line":36,"column":51}},"36":{"start":{"line":37,"column":0},"end":{"line":37,"column":27}},"37":{"start":{"line":38,"column":0},"end":{"line":38,"column":47}},"38":{"start":{"line":39,"column":0},"end":{"line":39,"column":49}},"40":{"start":{"line":41,"column":0},"end":{"line":41,"column":42}},"41":{"start":{"line":42,"column":0},"end":{"line":42,"column":29}},"42":{"start":{"line":43,"column":0},"end":{"line":43,"column":39}},"43":{"start":{"line":44,"column":0},"end":{"line":44,"column":31}},"44":{"start":{"line":45,"column":0},"end":{"line":45,"column":49}},"45":{"start":{"line":46,"column":0},"end":{"line":46,"column":63}},"46":{"start":{"line":47,"column":0},"end":{"line":47,"column":54}},"48":{"start":{"line":49,"column":0},"end":{"line":49,"column":22}},"49":{"start":{"line":50,"column":0},"end":{"line":50,"column":18}},"51":{"start":{"line":52,"column":0},"end":{"line":52,"column":56}},"52":{"start":{"line":53,"column":0},"end":{"line":53,"column":66}},"53":{"start":{"line":54,"column":0},"end":{"line":54,"column":33}},"54":{"start":{"line":55,"column":0},"end":{"line":55,"column":43}},"55":{"start":{"line":56,"column":0},"end":{"line":56,"column":43}},"56":{"start":{"line":57,"column":0},"end":{"line":57,"column":53}},"57":{"start":{"line":58,"column":0},"end":{"line":58,"column":106}},"58":{"start":{"line":59,"column":0},"end":{"line":59,"column":114}},"59":{"start":{"line":60,"column":0},"end":{"line":60,"column":80}},"60":{"start":{"line":61,"column":0},"end":{"line":61,"column":22}},"61":{"start":{"line":62,"column":0},"end":{"line":62,"column":19}},"63":{"start":{"line":64,"column":0},"end":{"line":64,"column":49}},"64":{"start":{"line":65,"column":0},"end":{"line":65,"column":60}},"65":{"start":{"line":66,"column":0},"end":{"line":66,"column":77}},"66":{"start":{"line":67,"column":0},"end":{"line":67,"column":67}},"67":{"start":{"line":68,"column":0},"end":{"line":68,"column":31}},"68":{"start":{"line":69,"column":0},"end":{"line":69,"column":51}},"69":{"start":{"line":70,"column":0},"end":{"line":70,"column":49}},"70":{"start":{"line":71,"column":0},"end":{"line":71,"column":60}},"72":{"start":{"line":73,"column":0},"end":{"line":73,"column":46}},"73":{"start":{"line":74,"column":0},"end":{"line":74,"column":33}},"74":{"start":{"line":75,"column":0},"end":{"line":75,"column":26}},"76":{"start":{"line":77,"column":0},"end":{"line":77,"column":18}},"77":{"start":{"line":78,"column":0},"end":{"line":78,"column":14}},"79":{"start":{"line":80,"column":0},"end":{"line":80,"column":1}}},"s":{"0":1,"4":1,"6":1,"7":1,"19":15,"20":15,"21":15,"22":15,"23":15,"24":15,"25":15,"26":15,"27":15,"28":15,"29":15,"30":15,"31":15,"32":15,"33":15,"34":15,"35":15,"36":15,"37":15,"38":15,"40":15,"41":15,"42":15,"43":14,"44":14,"45":14,"46":14,"48":15,"49":15,"51":15,"52":15,"53":13,"54":13,"55":13,"56":13,"57":13,"58":13,"59":13,"60":13,"61":15,"63":15,"64":3,"65":3,"66":3,"67":3,"68":3,"69":3,"70":3,"72":3,"73":3,"74":3,"76":15,"77":15,"79":15},"branchMap":{"0":{"type":"branch","line":20,"loc":{"start":{"line":20,"column":0},"end":{"line":80,"column":1}},"locations":[{"start":{"line":20,"column":0},"end":{"line":80,"column":1}}]},"1":{"type":"branch","line":43,"loc":{"start":{"line":43,"column":33},"end":{"line":47,"column":54}},"locations":[{"start":{"line":43,"column":33},"end":{"line":47,"column":54}}]},"2":{"type":"branch","line":64,"loc":{"start":{"line":64,"column":43},"end":{"line":75,"column":26}},"locations":[{"start":{"line":64,"column":43},"end":{"line":75,"column":26}}]},"3":{"type":"branch","line":53,"loc":{"start":{"line":53,"column":36},"end":{"line":61,"column":22}},"locations":[{"start":{"line":53,"column":36},"end":{"line":61,"column":22}}]},"4":{"type":"branch","line":60,"loc":{"start":{"line":60,"column":42},"end":{"line":60,"column":80}},"locations":[{"start":{"line":60,"column":42},"end":{"line":60,"column":80}}]}},"b":{"0":[15],"1":[14],"2":[3],"3":[13],"4":[1]},"fnMap":{"0":{"name":"DayCard","decl":{"start":{"line":20,"column":0},"end":{"line":80,"column":1}},"loc":{"start":{"line":20,"column":0},"end":{"line":80,"column":1}},"line":20},"1":{"name":"onActivityUpdate","decl":{"start":{"line":58,"column":42},"end":{"line":58,"column":106}},"loc":{"start":{"line":58,"column":42},"end":{"line":58,"column":106}},"line":58},"2":{"name":"onLocationUpdate","decl":{"start":{"line":59,"column":42},"end":{"line":59,"column":114}},"loc":{"start":{"line":59,"column":42},"end":{"line":59,"column":114}},"line":59},"3":{"name":"onRemoveActivity","decl":{"start":{"line":60,"column":42},"end":{"line":60,"column":80}},"loc":{"start":{"line":60,"column":42},"end":{"line":60,"column":80}},"line":60}},"f":{"0":15,"1":0,"2":0,"3":1}}
,"A:\\CuB1\\TripFlow\\frontend\\src\\components\\dashboard\\ExtendedItinerary.tsx": {"path":"A:\\CuB1\\TripFlow\\frontend\\src\\components\\dashboard\\ExtendedItinerary.tsx","all":false,"statementMap":{"0":{"start":{"line":1,"column":0},"end":{"line":1,"column":79}},"4":{"start":{"line":5,"column":0},"end":{"line":5,"column":63}},"6":{"start":{"line":7,"column":0},"end":{"line":7,"column":112}},"8":{"start":{"line":9,"column":0},"end":{"line":9,"column":45}},"9":{"start":{"line":10,"column":0},"end":{"line":10,"column":48}},"10":{"start":{"line":11,"column":0},"end":{"line":11,"column":54}},"17":{"start":{"line":18,"column":0},"end":{"line":18,"column":21}},"19":{"start":{"line":20,"column":0},"end":{"line":20,"column":92}},"20":{"start":{"line":21,"column":0},"end":{"line":21,"column":44}},"22":{"start":{"line":23,"column":0},"end":{"line":23,"column":12}},"23":{"start":{"line":24,"column":0},"end":{"line":24,"column":54}},"25":{"start":{"line":26,"column":0},"end":{"line":26,"column":43}},"26":{"start":{"line":27,"column":0},"end":{"line":27,"column":46}},"27":{"start":{"line":28,"column":0},"end":{"line":28,"column":73}},"28":{"start":{"line":29,"column":0},"end":{"line":29,"column":75}},"29":{"start":{"line":30,"column":0},"end":{"line":30,"column":22}},"30":{"start":{"line":31,"column":0},"end":{"line":31,"column":54}},"31":{"start":{"line":32,"column":0},"end":{"line":32,"column":71}},"32":{"start":{"line":33,"column":0},"end":{"line":33,"column":122}},"33":{"start":{"line":34,"column":0},"end":{"line":34,"column":112}},"34":{"start":{"line":35,"column":0},"end":{"line":35,"column":22}},"35":{"start":{"line":36,"column":0},"end":{"line":36,"column":18}},"38":{"start":{"line":39,"column":0},"end":{"line":39,"column":45}},"39":{"start":{"line":40,"column":0},"end":{"line":40,"column":107}},"40":{"start":{"line":41,"column":0},"end":{"line":41,"column":108}},"41":{"start":{"line":42,"column":0},"end":{"line":42,"column":129}},"42":{"start":{"line":43,"column":0},"end":{"line":43,"column":118}},"43":{"start":{"line":44,"column":0},"end":{"line":44,"column":147}},"44":{"start":{"line":45,"column":0},"end":{"line":45,"column":18}},"47":{"start":{"line":48,"column":0},"end":{"line":48,"column":41}},"48":{"start":{"line":49,"column":0},"end":{"line":49,"column":53}},"49":{"start":{"line":50,"column":0},"end":{"line":50,"column":77}},"50":{"start":{"line":51,"column":0},"end":{"line":51,"column":19}},"51":{"start":{"line":52,"column":0},"end":{"line":52,"column":18}},"54":{"start":{"line":55,"column":0},"end":{"line":55,"column":51}},"55":{"start":{"line":56,"column":0},"end":{"line":56,"column":46}},"56":{"start":{"line":57,"column":0},"end":{"line":57,"column":66}},"57":{"start":{"line":58,"column":0},"end":{"line":58,"column":58}},"58":{"start":{"line":59,"column":0},"end":{"line":59,"column":60}},"59":{"start":{"line":60,"column":0},"end":{"line":60,"column":87}},"60":{"start":{"line":61,"column":0},"end":{"line":61,"column":33}},"61":{"start":{"line":62,"column":0},"end":{"line":62,"column":67}},"62":{"start":{"line":63,"column":0},"end":{"line":63,"column":67}},"63":{"start":{"line":64,"column":0},"end":{"line":64,"column":35}},"64":{"start":{"line":65,"column":0},"end":{"line":65,"column":30}},"66":{"start":{"line":67,"column":0},"end":{"line":67,"column":59}},"67":{"start":{"line":68,"column":0},"end":{"line":68,"column":73}},"68":{"start":{"line":69,"column":0},"end":{"line":69,"column":84}},"69":{"start":{"line":70,"column":0},"end":{"line":70,"column":73}},"70":{"start":{"line":71,"column":0},"end":{"line":71,"column":92}},"71":{"start":{"line":72,"column":0},"end":{"line":72,"column":100}},"72":{"start":{"line":73,"column":0},"end":{"line":73,"column":42}},"74":{"start":{"line":75,"column":0},"end":{"line":75,"column":76}},"75":{"start":{"line":76,"column":0},"end":{"line":76,"column":101}},"76":{"start":{"line":77,"column":0},"end":{"line":77,"column":100}},"78":{"start":{"line":79,"column":0},"end":{"line":79,"column":81}},"79":{"start":{"line":80,"column":0},"end":{"line":80,"column":100}},"80":{"start":{"line":81,"column":0},"end":{"line":81,"column":81}},"81":{"start":{"line":82,"column":0},"end":{"line":82,"column":128}},"82":{"start":{"line":83,"column":0},"end":{"line":83,"column":86}},"83":{"start":{"line":84,"column":0},"end":{"line":84,"column":112}},"84":{"start":{"line":85,"column":0},"end":{"line":85,"column":83}},"85":{"start":{"line":86,"column":0},"end":{"line":86,"column":58}},"86":{"start":{"line":87,"column":0},"end":{"line":87,"column":154}},"87":{"start":{"line":88,"column":0},"end":{"line":88,"column":59}},"89":{"start":{"line":90,"column":0},"end":{"line":90,"column":52}},"90":{"start":{"line":91,"column":0},"end":{"line":91,"column":50}},"91":{"start":{"line":92,"column":0},"end":{"line":92,"column":46}},"92":{"start":{"line":93,"column":0},"end":{"line":93,"column":42}},"93":{"start":{"line":94,"column":0},"end":{"line":94,"column":38}},"94":{"start":{"line":95,"column":0},"end":{"line":95,"column":31}},"95":{"start":{"line":96,"column":0},"end":{"line":96,"column":30}},"96":{"start":{"line":97,"column":0},"end":{"line":97,"column":26}},"97":{"start":{"line":98,"column":0},"end":{"line":98,"column":19}},"98":{"start":{"line":99,"column":0},"end":{"line":99,"column":18}},"99":{"start":{"line":100,"column":0},"end":{"line":100,"column":18}},"101":{"start":{"line":102,"column":0},"end":{"line":102,"column":1}}},"s":{"0":1,"4":1,"6":1,"8":1,"9":1,"10":1,"17":1,"19":23,"20":23,"22":23,"23":23,"25":23,"26":23,"27":23,"28":23,"29":23,"30":23,"31":23,"32":23,"33":23,"34":23,"35":23,"38":23,"39":23,"40":23,"41":23,"42":23,"43":23,"44":23,"47":23,"48":23,"49":66,"50":23,"51":23,"54":23,"55":23,"56":45,"57":45,"58":45,"59":45,"60":45,"61":45,"62":45,"63":45,"64":45,"66":45,"67":45,"68":66,"69":66,"70":66,"71":66,"72":66,"74":66,"75":66,"76":66,"78":66,"79":66,"80":66,"81":66,"82":66,"83":66,"84":66,"85":66,"86":66,"87":66,"89":66,"90":66,"91":66,"92":66,"93":66,"94":45,"95":45,"96":45,"97":23,"98":23,"99":23,"101":23},"branchMap":{"0":{"type":"branch","line":20,"loc":{"start":{"line":20,"column":0},"end":{"line":102,"column":1}},"locations":[{"start":{"line":20,"column":0},"end":{"line":102,"column":1}}]},"1":{"type":"branch","line":44,"loc":{"start":{"line":44,"column":123},"end":{"line":44,"column":135}},"locations":[{"start":{"line":44,"column":123},"end":{"line":44,"column":135}}]},"2":{"type":"branch","line":44,"loc":{"start":{"line":44,"column":127},"end":{"line":44,"column":141}},"locations":[{"start":{"line":44,"column":127},"end":{"line":44,"column":141}}]},"3":{"type":"branch","line":49,"loc":{"start":{"line":49,"column":36},"end":{"line":50,"column":77}},"locations":[{"start":{"line":49,"column":36},"end":{"line":50,"column":77}}]},"4":{"type":"branch","line":56,"loc":{"start":{"line":56,"column":36},"end":{"line":97,"column":26}},"locations":[{"start":{"line":56,"column":36},"end":{"line":97,"column":26}}]},"5":{"type":"branch","line":68,"loc":{"start":{"line":68,"column":48},"end":{"line":94,"column":38}},"locations":[{"start":{"line":68,"column":48},"end":{"line":94,"column":38}}]},"6":{"type":"branch","line":82,"loc":{"start":{"line":82,"column":102},"end":{"line":82,"column":124}},"locations":[{"start":{"line":82,"column":102},"end":{"line":82,"column":124}}]},"7":{"type":"branch","line":84,"loc":{"start":{"line":84,"column":71},"end":{"line":84,"column":112}},"locations":[{"start":{"line":84,"column":71},"end":{"line":84,"column":112}}]}},"b":{"0":[23],"1":[1],"2":[22],"3":[66],"4":[45],"5":[66],"6":[0],"7":[0]},"fnMap":{"0":{"name":"ExtendedItinerary","decl":{"start":{"line":20,"column":0},"end":{"line":102,"column":1}},"loc":{"start":{"line":20,"column":0},"end":{"line":102,"column":1}},"line":20}},"f":{"0":23}}
,"A:\\CuB1\\TripFlow\\frontend\\src\\components\\dashboard\\InfoCard.tsx": {"path":"A:\\CuB1\\TripFlow\\frontend\\src\\components\\dashboard\\InfoCard.tsx","all":false,"statementMap":{"0":{"start":{"line":1,"column":0},"end":{"line":1,"column":70}},"10":{"start":{"line":11,"column":0},"end":{"line":11,"column":73}},"11":{"start":{"line":12,"column":0},"end":{"line":12,"column":12}},"12":{"start":{"line":13,"column":0},"end":{"line":13,"column":41}},"13":{"start":{"line":14,"column":0},"end":{"line":14,"column":60}},"14":{"start":{"line":15,"column":0},"end":{"line":15,"column":51}},"15":{"start":{"line":16,"column":0},"end":{"line":16,"column":14}},"17":{"start":{"line":18,"column":0},"end":{"line":18,"column":1}}},"s":{"0":1,"10":22,"11":22,"12":22,"13":22,"14":22,"15":22,"17":22},"branchMap":{"0":{"type":"branch","line":11,"loc":{"start":{"line":11,"column":0},"end":{"line":18,"column":1}},"locations":[{"start":{"line":11,"column":0},"end":{"line":18,"column":1}}]}},"b":{"0":[22]},"fnMap":{"0":{"name":"InfoCard","decl":{"start":{"line":11,"column":0},"end":{"line":18,"column":1}},"loc":{"start":{"line":11,"column":0},"end":{"line":18,"column":1}},"line":11}},"f":{"0":22}}
,"A:\\CuB1\\TripFlow\\frontend\\src\\components\\dashboard\\InnerTabHeader.tsx": {"path":"A:\\CuB1\\TripFlow\\frontend\\src\\components\\dashboard\\InnerTabHeader.tsx","all":false,"statementMap":{"0":{"start":{"line":1,"column":0},"end":{"line":1,"column":76}},"4":{"start":{"line":5,"column":0},"end":{"line":5,"column":45}},"5":{"start":{"line":6,"column":0},"end":{"line":6,"column":47}},"12":{"start":{"line":13,"column":0},"end":{"line":13,"column":81}},"13":{"start":{"line":14,"column":0},"end":{"line":14,"column":12}},"14":{"start":{"line":15,"column":0},"end":{"line":15,"column":42}},"15":{"start":{"line":16,"column":0},"end":{"line":16,"column":116}},"16":{"start":{"line":17,"column":0},"end":{"line":17,"column":53}},"17":{"start":{"line":18,"column":0},"end":{"line":18,"column":17}},"19":{"start":{"line":20,"column":0},"end":{"line":20,"column":1}}},"s":{"0":1,"4":1,"5":1,"12":15,"13":15,"14":15,"15":15,"16":15,"17":15,"19":15},"branchMap":{"0":{"type":"branch","line":13,"loc":{"start":{"line":13,"column":0},"end":{"line":20,"column":1}},"locations":[{"start":{"line":13,"column":0},"end":{"line":20,"column":1}}]},"1":{"type":"branch","line":16,"loc":{"start":{"line":16,"column":13},"end":{"line":16,"column":116}},"locations":[{"start":{"line":16,"column":13},"end":{"line":16,"column":116}}]}},"b":{"0":[15],"1":[14]},"fnMap":{"0":{"name":"InnerTabHeader","decl":{"start":{"line":13,"column":0},"end":{"line":20,"column":1}},"loc":{"start":{"line":13,"column":0},"end":{"line":20,"column":1}},"line":13}},"f":{"0":15}}
,"A:\\CuB1\\TripFlow\\frontend\\src\\components\\dashboard\\ItinerariesPreview.tsx": {"path":"A:\\CuB1\\TripFlow\\frontend\\src\\components\\dashboard\\ItinerariesPreview.tsx","all":false,"statementMap":{"0":{"start":{"line":1,"column":0},"end":{"line":1,"column":80}},"2":{"start":{"line":3,"column":0},"end":{"line":3,"column":39}},"6":{"start":{"line":7,"column":0},"end":{"line":7,"column":63}},"8":{"start":{"line":9,"column":0},"end":{"line":9,"column":45}},"9":{"start":{"line":10,"column":0},"end":{"line":10,"column":47}},"10":{"start":{"line":11,"column":0},"end":{"line":11,"column":47}},"20":{"start":{"line":21,"column":0},"end":{"line":21,"column":43}},"21":{"start":{"line":22,"column":0},"end":{"line":22,"column":92}},"22":{"start":{"line":23,"column":0},"end":{"line":23,"column":3}},"23":{"start":{"line":24,"column":0},"end":{"line":24,"column":47}},"25":{"start":{"line":26,"column":0},"end":{"line":26,"column":12}},"26":{"start":{"line":27,"column":0},"end":{"line":27,"column":55}},"27":{"start":{"line":28,"column":0},"end":{"line":28,"column":40}},"28":{"start":{"line":29,"column":0},"end":{"line":29,"column":45}},"29":{"start":{"line":30,"column":0},"end":{"line":30,"column":56}},"30":{"start":{"line":31,"column":0},"end":{"line":31,"column":28}},"31":{"start":{"line":32,"column":0},"end":{"line":32,"column":42}},"32":{"start":{"line":33,"column":0},"end":{"line":33,"column":59}},"33":{"start":{"line":34,"column":0},"end":{"line":34,"column":52}},"34":{"start":{"line":35,"column":0},"end":{"line":35,"column":100}},"35":{"start":{"line":36,"column":0},"end":{"line":36,"column":55}},"36":{"start":{"line":37,"column":0},"end":{"line":37,"column":81}},"37":{"start":{"line":38,"column":0},"end":{"line":38,"column":81}},"38":{"start":{"line":39,"column":0},"end":{"line":39,"column":30}},"39":{"start":{"line":40,"column":0},"end":{"line":40,"column":56}},"40":{"start":{"line":41,"column":0},"end":{"line":41,"column":79}},"41":{"start":{"line":42,"column":0},"end":{"line":42,"column":79}},"42":{"start":{"line":43,"column":0},"end":{"line":43,"column":30}},"43":{"start":{"line":44,"column":0},"end":{"line":44,"column":54}},"44":{"start":{"line":45,"column":0},"end":{"line":45,"column":57}},"45":{"start":{"line":46,"column":0},"end":{"line":46,"column":75}},"46":{"start":{"line":47,"column":0},"end":{"line":47,"column":63}},"47":{"start":{"line":48,"column":0},"end":{"line":48,"column":64}},"48":{"start":{"line":49,"column":0},"end":{"line":49,"column":39}},"49":{"start":{"line":50,"column":0},"end":{"line":50,"column":34}},"50":{"start":{"line":51,"column":0},"end":{"line":51,"column":57}},"51":{"start":{"line":52,"column":0},"end":{"line":52,"column":78}},"52":{"start":{"line":53,"column":0},"end":{"line":53,"column":63}},"53":{"start":{"line":54,"column":0},"end":{"line":54,"column":62}},"54":{"start":{"line":55,"column":0},"end":{"line":55,"column":80}},"55":{"start":{"line":56,"column":0},"end":{"line":56,"column":39}},"56":{"start":{"line":57,"column":0},"end":{"line":57,"column":34}},"57":{"start":{"line":58,"column":0},"end":{"line":58,"column":57}},"58":{"start":{"line":59,"column":0},"end":{"line":59,"column":81}},"59":{"start":{"line":60,"column":0},"end":{"line":60,"column":63}},"60":{"start":{"line":61,"column":0},"end":{"line":61,"column":59}},"61":{"start":{"line":62,"column":0},"end":{"line":62,"column":83}},"62":{"start":{"line":63,"column":0},"end":{"line":63,"column":39}},"63":{"start":{"line":64,"column":0},"end":{"line":64,"column":34}},"64":{"start":{"line":65,"column":0},"end":{"line":65,"column":57}},"65":{"start":{"line":66,"column":0},"end":{"line":66,"column":81}},"66":{"start":{"line":67,"column":0},"end":{"line":67,"column":63}},"67":{"start":{"line":68,"column":0},"end":{"line":68,"column":68}},"68":{"start":{"line":69,"column":0},"end":{"line":69,"column":39}},"69":{"start":{"line":70,"column":0},"end":{"line":70,"column":34}},"70":{"start":{"line":71,"column":0},"end":{"line":71,"column":30}},"71":{"start":{"line":72,"column":0},"end":{"line":72,"column":53}},"72":{"start":{"line":73,"column":0},"end":{"line":73,"column":65}},"73":{"start":{"line":74,"column":0},"end":{"line":74,"column":89}},"74":{"start":{"line":75,"column":0},"end":{"line":75,"column":31}},"75":{"start":{"line":76,"column":0},"end":{"line":76,"column":30}},"76":{"start":{"line":77,"column":0},"end":{"line":77,"column":30}},"77":{"start":{"line":78,"column":0},"end":{"line":78,"column":19}},"78":{"start":{"line":79,"column":0},"end":{"line":79,"column":22}},"80":{"start":{"line":81,"column":0},"end":{"line":81,"column":29}},"81":{"start":{"line":82,"column":0},"end":{"line":82,"column":49}},"82":{"start":{"line":83,"column":0},"end":{"line":83,"column":27}},"83":{"start":{"line":84,"column":0},"end":{"line":84,"column":46}},"84":{"start":{"line":85,"column":0},"end":{"line":85,"column":76}},"85":{"start":{"line":86,"column":0},"end":{"line":86,"column":42}},"86":{"start":{"line":87,"column":0},"end":{"line":87,"column":48}},"87":{"start":{"line":88,"column":0},"end":{"line":88,"column":22}},"88":{"start":{"line":89,"column":0},"end":{"line":89,"column":22}},"91":{"start":{"line":92,"column":0},"end":{"line":92,"column":42}},"92":{"start":{"line":93,"column":0},"end":{"line":93,"column":46}},"93":{"start":{"line":94,"column":0},"end":{"line":94,"column":57}},"94":{"start":{"line":95,"column":0},"end":{"line":95,"column":97}},"95":{"start":{"line":96,"column":0},"end":{"line":96,"column":22}},"97":{"start":{"line":98,"column":0},"end":{"line":98,"column":18}},"99":{"start":{"line":100,"column":0},"end":{"line":100,"column":1}}},"s":{"0":1,"2":1,"6":1,"8":1,"9":1,"10":1,"20":18,"21":18,"22":18,"23":18,"25":17,"26":17,"27":17,"28":16,"29":16,"30":30,"31":30,"32":30,"33":30,"34":30,"35":30,"36":30,"37":30,"38":30,"39":30,"40":30,"41":30,"42":30,"43":30,"44":30,"45":30,"46":30,"47":30,"48":30,"49":30,"50":30,"51":30,"52":30,"53":30,"54":30,"55":30,"56":30,"57":30,"58":30,"59":30,"60":30,"61":30,"62":30,"63":30,"64":30,"65":30,"66":30,"67":30,"68":30,"69":30,"70":30,"71":30,"72":30,"73":60,"74":30,"75":30,"76":30,"77":16,"78":16,"80":18,"81":4,"82":4,"83":4,"84":4,"85":4,"86":4,"87":4,"88":4,"91":18,"92":1,"93":1,"94":1,"95":1,"97":18,"99":18},"branchMap":{"0":{"type":"branch","line":21,"loc":{"start":{"line":21,"column":0},"end":{"line":100,"column":1}},"locations":[{"start":{"line":21,"column":0},"end":{"line":100,"column":1}}]},"1":{"type":"branch","line":24,"loc":{"start":{"line":24,"column":19},"end":{"line":24,"column":47}},"locations":[{"start":{"line":24,"column":19},"end":{"line":24,"column":47}}]},"2":{"type":"branch","line":24,"loc":{"start":{"line":24,"column":44},"end":{"line":28,"column":40}},"locations":[{"start":{"line":24,"column":44},"end":{"line":28,"column":40}}]},"3":{"type":"branch","line":28,"loc":{"start":{"line":28,"column":34},"end":{"line":79,"column":22}},"locations":[{"start":{"line":28,"column":34},"end":{"line":79,"column":22}}]},"4":{"type":"branch","line":81,"loc":{"start":{"line":81,"column":14},"end":{"line":89,"column":22}},"locations":[{"start":{"line":81,"column":14},"end":{"line":89,"column":22}}]},"5":{"type":"branch","line":85,"loc":{"start":{"line":85,"column":31},"end":{"line":85,"column":63}},"locations":[{"start":{"line":85,"column":31},"end":{"line":85,"column":63}}]},"6":{"type":"branch","line":85,"loc":{"start":{"line":85,"column":47},"end":{"line":85,"column":76}},"locations":[{"start":{"line":85,"column":47},"end":{"line":85,"column":76}}]},"7":{"type":"branch","line":92,"loc":{"start":{"line":92,"column":36},"end":{"line":96,"column":22}},"locations":[{"start":{"line":92,"column":36},"end":{"line":96,"column":22}}]},"8":{"type":"branch","line":30,"loc":{"start":{"line":30,"column":33},"end":{"line":77,"column":30}},"locations":[{"start":{"line":30,"column":33},"end":{"line":77,"column":30}}]},"9":{"type":"branch","line":35,"loc":{"start":{"line":35,"column":68},"end":{"line":35,"column":74}},"locations":[{"start":{"line":35,"column":68},"end":{"line":35,"column":74}}]},"10":{"type":"branch","line":55,"loc":{"start":{"line":55,"column":61},"end":{"line":55,"column":73}},"locations":[{"start":{"line":55,"column":61},"end":{"line":55,"column":73}}]},"11":{"type":"branch","line":55,"loc":{"start":{"line":55,"column":65},"end":{"line":55,"column":80}},"locations":[{"start":{"line":55,"column":65},"end":{"line":55,"column":80}}]},"12":{"type":"branch","line":62,"loc":{"start":{"line":62,"column":56},"end":{"line":62,"column":73}},"locations":[{"start":{"line":62,"column":56},"end":{"line":62,"column":73}}]},"13":{"type":"branch","line":62,"loc":{"start":{"line":62,"column":60},"end":{"line":62,"column":83}},"locations":[{"start":{"line":62,"column":60},"end":{"line":62,"column":83}}]},"14":{"type":"branch","line":73,"loc":{"start":{"line":73,"column":48},"end":{"line":74,"column":89}},"locations":[{"start":{"line":73,"column":48},"end":{"line":74,"column":89}}]}},"b":{"0":[18],"1":[1],"2":[17],"3":[16],"4":[4],"5":[2],"6":[2],"7":[1],"8":[30],"9":[0],"10":[1],"11":[29],"12":[29],"13":[1],"14":[60]},"fnMap":{"0":{"name":"ItinerariesPreview","decl":{"start":{"line":21,"column":0},"end":{"line":100,"column":1}},"loc":{"start":{"line":21,"column":0},"end":{"line":100,"column":1}},"line":21}},"f":{"0":18}}
,"A:\\CuB1\\TripFlow\\frontend\\src\\components\\dashboard\\ItinerarySection.tsx": {"path":"A:\\CuB1\\TripFlow\\frontend\\src\\components\\dashboard\\ItinerarySection.tsx","all":true,"statementMap":{"0":{"start":{"line":1,"column":0},"end":{"line":1,"column":79}},"4":{"start":{"line":5,"column":0},"end":{"line":5,"column":64}},"6":{"start":{"line":7,"column":0},"end":{"line":7,"column":50}},"8":{"start":{"line":9,"column":0},"end":{"line":9,"column":48}},"9":{"start":{"line":10,"column":0},"end":{"line":10,"column":52}},"18":{"start":{"line":19,"column":0},"end":{"line":19,"column":42}},"19":{"start":{"line":20,"column":0},"end":{"line":20,"column":9}},"20":{"start":{"line":21,"column":0},"end":{"line":21,"column":17}},"21":{"start":{"line":22,"column":0},"end":{"line":22,"column":16}},"22":{"start":{"line":23,"column":0},"end":{"line":23,"column":15}},"23":{"start":{"line":24,"column":0},"end":{"line":24,"column":27}},"24":{"start":{"line":25,"column":0},"end":{"line":25,"column":11}},"25":{"start":{"line":26,"column":0},"end":{"line":26,"column":26}},"26":{"start":{"line":27,"column":0},"end":{"line":27,"column":29}},"27":{"start":{"line":28,"column":0},"end":{"line":28,"column":29}},"28":{"start":{"line":29,"column":0},"end":{"line":29,"column":36}},"29":{"start":{"line":30,"column":0},"end":{"line":30,"column":47}},"31":{"start":{"line":32,"column":0},"end":{"line":32,"column":12}},"32":{"start":{"line":33,"column":0},"end":{"line":33,"column":53}},"33":{"start":{"line":34,"column":0},"end":{"line":34,"column":50}},"34":{"start":{"line":35,"column":0},"end":{"line":35,"column":53}},"35":{"start":{"line":36,"column":0},"end":{"line":36,"column":46}},"36":{"start":{"line":37,"column":0},"end":{"line":37,"column":52}},"37":{"start":{"line":38,"column":0},"end":{"line":38,"column":22}},"38":{"start":{"line":39,"column":0},"end":{"line":39,"column":23}},"39":{"start":{"line":40,"column":0},"end":{"line":40,"column":41}},"40":{"start":{"line":41,"column":0},"end":{"line":41,"column":41}},"41":{"start":{"line":42,"column":0},"end":{"line":42,"column":37}},"43":{"start":{"line":44,"column":0},"end":{"line":44,"column":38}},"44":{"start":{"line":45,"column":0},"end":{"line":45,"column":25}},"45":{"start":{"line":46,"column":0},"end":{"line":46,"column":18}},"47":{"start":{"line":48,"column":0},"end":{"line":48,"column":42}},"48":{"start":{"line":49,"column":0},"end":{"line":49,"column":24}},"49":{"start":{"line":50,"column":0},"end":{"line":50,"column":33}},"50":{"start":{"line":51,"column":0},"end":{"line":51,"column":29}},"51":{"start":{"line":52,"column":0},"end":{"line":52,"column":43}},"52":{"start":{"line":53,"column":0},"end":{"line":53,"column":69}},"53":{"start":{"line":54,"column":0},"end":{"line":54,"column":61}},"54":{"start":{"line":55,"column":0},"end":{"line":55,"column":103}},"55":{"start":{"line":56,"column":0},"end":{"line":56,"column":71}},"56":{"start":{"line":57,"column":0},"end":{"line":57,"column":101}},"58":{"start":{"line":59,"column":0},"end":{"line":59,"column":79}},"59":{"start":{"line":60,"column":0},"end":{"line":60,"column":148}},"61":{"start":{"line":62,"column":0},"end":{"line":62,"column":18}},"62":{"start":{"line":63,"column":0},"end":{"line":63,"column":15}},"64":{"start":{"line":65,"column":0},"end":{"line":65,"column":35}},"65":{"start":{"line":66,"column":0},"end":{"line":66,"column":56}},"66":{"start":{"line":67,"column":0},"end":{"line":67,"column":52}},"67":{"start":{"line":68,"column":0},"end":{"line":68,"column":96}},"68":{"start":{"line":69,"column":0},"end":{"line":69,"column":42}},"69":{"start":{"line":70,"column":0},"end":{"line":70,"column":29}},"70":{"start":{"line":71,"column":0},"end":{"line":71,"column":22}},"72":{"start":{"line":73,"column":0},"end":{"line":73,"column":18}},"74":{"start":{"line":75,"column":0},"end":{"line":75,"column":1}}},"s":{"0":0,"4":0,"6":0,"8":0,"9":0,"18":0,"19":0,"20":0,"21":0,"22":0,"23":0,"24":0,"25":0,"26":0,"27":0,"28":0,"29":0,"31":0,"32":0,"33":0,"34":0,"35":0,"36":0,"37":0,"38":0,"39":0,"40":0,"41":0,"43":0,"44":0,"45":0,"47":0,"48":0,"49":0,"50":0,"51":0,"52":0,"53":0,"54":0,"55":0,"56":0,"58":0,"59":0,"61":0,"62":0,"64":0,"65":0,"66":0,"67":0,"68":0,"69":0,"70":0,"72":0,"74":0},"branchMap":{"0":{"type":"branch","line":1,"loc":{"start":{"line":1,"column":2769},"end":{"line":75,"column":1}},"locations":[{"start":{"line":1,"column":2769},"end":{"line":75,"column":1}}]}},"b":{"0":[0]},"fnMap":{"0":{"name":"(empty-report)","decl":{"start":{"line":1,"column":2769},"end":{"line":75,"column":1}},"loc":{"start":{"line":1,"column":2769},"end":{"line":75,"column":1}},"line":1}},"f":{"0":0}}
,"A:\\CuB1\\TripFlow\\frontend\\src\\components\\dashboard\\ProfileCard.tsx": {"path":"A:\\CuB1\\TripFlow\\frontend\\src\\components\\dashboard\\ProfileCard.tsx","all":false,"statementMap":{"0":{"start":{"line":1,"column":0},"end":{"line":1,"column":73}},"2":{"start":{"line":3,"column":0},"end":{"line":3,"column":51}},"4":{"start":{"line":5,"column":0},"end":{"line":5,"column":56}},"5":{"start":{"line":6,"column":0},"end":{"line":6,"column":47}},"6":{"start":{"line":7,"column":0},"end":{"line":7,"column":49}},"8":{"start":{"line":9,"column":0},"end":{"line":9,"column":39}},"9":{"start":{"line":10,"column":0},"end":{"line":10,"column":31}},"11":{"start":{"line":12,"column":0},"end":{"line":12,"column":97}},"12":{"start":{"line":13,"column":0},"end":{"line":13,"column":89}},"13":{"start":{"line":14,"column":0},"end":{"line":14,"column":64}},"15":{"start":{"line":16,"column":0},"end":{"line":16,"column":12}},"16":{"start":{"line":17,"column":0},"end":{"line":17,"column":48}},"17":{"start":{"line":18,"column":0},"end":{"line":18,"column":49}},"18":{"start":{"line":19,"column":0},"end":{"line":19,"column":52}},"19":{"start":{"line":20,"column":0},"end":{"line":20,"column":18}},"20":{"start":{"line":21,"column":0},"end":{"line":21,"column":48}},"21":{"start":{"line":22,"column":0},"end":{"line":22,"column":72}},"22":{"start":{"line":23,"column":0},"end":{"line":23,"column":75}},"23":{"start":{"line":24,"column":0},"end":{"line":24,"column":74}},"24":{"start":{"line":25,"column":0},"end":{"line":25,"column":56}},"25":{"start":{"line":26,"column":0},"end":{"line":26,"column":64}},"26":{"start":{"line":27,"column":0},"end":{"line":27,"column":62}},"27":{"start":{"line":28,"column":0},"end":{"line":28,"column":47}},"28":{"start":{"line":29,"column":0},"end":{"line":29,"column":26}},"29":{"start":{"line":30,"column":0},"end":{"line":30,"column":64}},"30":{"start":{"line":31,"column":0},"end":{"line":31,"column":64}},"31":{"start":{"line":32,"column":0},"end":{"line":32,"column":63}},"32":{"start":{"line":33,"column":0},"end":{"line":33,"column":26}},"33":{"start":{"line":34,"column":0},"end":{"line":34,"column":22}},"34":{"start":{"line":35,"column":0},"end":{"line":35,"column":18}},"35":{"start":{"line":36,"column":0},"end":{"line":36,"column":18}},"37":{"start":{"line":38,"column":0},"end":{"line":38,"column":1}}},"s":{"0":1,"2":1,"4":1,"5":1,"6":1,"8":20,"9":20,"11":20,"12":20,"13":20,"15":20,"16":20,"17":20,"18":20,"19":20,"20":20,"21":20,"22":20,"23":20,"24":20,"25":20,"26":20,"27":20,"28":20,"29":20,"30":20,"31":20,"32":20,"33":20,"34":20,"35":20,"37":20},"branchMap":{"0":{"type":"branch","line":9,"loc":{"start":{"line":9,"column":0},"end":{"line":38,"column":1}},"locations":[{"start":{"line":9,"column":0},"end":{"line":38,"column":1}}]},"1":{"type":"branch","line":12,"loc":{"start":{"line":12,"column":29},"end":{"line":12,"column":92}},"locations":[{"start":{"line":12,"column":29},"end":{"line":12,"column":92}}]},"2":{"type":"branch","line":12,"loc":{"start":{"line":12,"column":88},"end":{"line":12,"column":97}},"locations":[{"start":{"line":12,"column":88},"end":{"line":12,"column":97}}]},"3":{"type":"branch","line":13,"loc":{"start":{"line":13,"column":40},"end":{"line":13,"column":74}},"locations":[{"start":{"line":13,"column":40},"end":{"line":13,"column":74}}]},"4":{"type":"branch","line":13,"loc":{"start":{"line":13,"column":47},"end":{"line":13,"column":89}},"locations":[{"start":{"line":13,"column":47},"end":{"line":13,"column":89}}]},"5":{"type":"branch","line":14,"loc":{"start":{"line":14,"column":30},"end":{"line":14,"column":64}},"locations":[{"start":{"line":14,"column":30},"end":{"line":14,"column":64}}]}},"b":{"0":[20],"1":[19],"2":[1],"3":[2],"4":[18],"5":[3]},"fnMap":{"0":{"name":"ProfileCard","decl":{"start":{"line":9,"column":0},"end":{"line":38,"column":1}},"loc":{"start":{"line":9,"column":0},"end":{"line":38,"column":1}},"line":9}},"f":{"0":20}}
,"A:\\CuB1\\TripFlow\\frontend\\src\\components\\dashboard\\Recent.tsx": {"path":"A:\\CuB1\\TripFlow\\frontend\\src\\components\\dashboard\\Recent.tsx","all":false,"statementMap":{"0":{"start":{"line":1,"column":0},"end":{"line":1,"column":68}},"2":{"start":{"line":3,"column":0},"end":{"line":3,"column":44}},"3":{"start":{"line":4,"column":0},"end":{"line":4,"column":39}},"7":{"start":{"line":8,"column":0},"end":{"line":8,"column":65}},"9":{"start":{"line":10,"column":0},"end":{"line":10,"column":47}},"10":{"start":{"line":11,"column":0},"end":{"line":11,"column":45}},"11":{"start":{"line":12,"column":0},"end":{"line":12,"column":57}},"12":{"start":{"line":13,"column":0},"end":{"line":13,"column":47}},"13":{"start":{"line":14,"column":0},"end":{"line":14,"column":42}},"28":{"start":{"line":29,"column":0},"end":{"line":29,"column":61}},"29":{"start":{"line":30,"column":0},"end":{"line":30,"column":43}},"30":{"start":{"line":31,"column":0},"end":{"line":31,"column":40}},"31":{"start":{"line":32,"column":0},"end":{"line":32,"column":40}},"32":{"start":{"line":33,"column":0},"end":{"line":33,"column":13}},"33":{"start":{"line":34,"column":0},"end":{"line":34,"column":1}},"35":{"start":{"line":36,"column":0},"end":{"line":36,"column":34}},"36":{"start":{"line":37,"column":0},"end":{"line":37,"column":80}},"37":{"start":{"line":38,"column":0},"end":{"line":38,"column":63}},"39":{"start":{"line":40,"column":0},"end":{"line":40,"column":21}},"40":{"start":{"line":41,"column":0},"end":{"line":41,"column":52}},"41":{"start":{"line":42,"column":0},"end":{"line":42,"column":31}},"42":{"start":{"line":43,"column":0},"end":{"line":43,"column":83}},"43":{"start":{"line":44,"column":0},"end":{"line":44,"column":41}},"45":{"start":{"line":46,"column":0},"end":{"line":46,"column":50}},"46":{"start":{"line":47,"column":0},"end":{"line":47,"column":59}},"47":{"start":{"line":48,"column":0},"end":{"line":48,"column":13}},"49":{"start":{"line":50,"column":0},"end":{"line":50,"column":32}},"50":{"start":{"line":51,"column":0},"end":{"line":51,"column":9}},"52":{"start":{"line":53,"column":0},"end":{"line":53,"column":33}},"53":{"start":{"line":54,"column":0},"end":{"line":54,"column":11}},"55":{"start":{"line":56,"column":0},"end":{"line":56,"column":12}},"56":{"start":{"line":57,"column":0},"end":{"line":57,"column":43}},"57":{"start":{"line":58,"column":0},"end":{"line":58,"column":43}},"58":{"start":{"line":59,"column":0},"end":{"line":59,"column":71}},"59":{"start":{"line":60,"column":0},"end":{"line":60,"column":64}},"60":{"start":{"line":61,"column":0},"end":{"line":61,"column":87}},"62":{"start":{"line":63,"column":0},"end":{"line":63,"column":18}},"64":{"start":{"line":65,"column":0},"end":{"line":65,"column":47}},"66":{"start":{"line":67,"column":0},"end":{"line":67,"column":28}},"67":{"start":{"line":68,"column":0},"end":{"line":68,"column":51}},"68":{"start":{"line":69,"column":0},"end":{"line":69,"column":66}},"69":{"start":{"line":70,"column":0},"end":{"line":70,"column":47}},"70":{"start":{"line":71,"column":0},"end":{"line":71,"column":36}},"71":{"start":{"line":72,"column":0},"end":{"line":72,"column":67}},"72":{"start":{"line":73,"column":0},"end":{"line":73,"column":66}},"73":{"start":{"line":74,"column":0},"end":{"line":74,"column":87}},"75":{"start":{"line":76,"column":0},"end":{"line":76,"column":64}},"76":{"start":{"line":77,"column":0},"end":{"line":77,"column":89}},"77":{"start":{"line":78,"column":0},"end":{"line":78,"column":65}},"78":{"start":{"line":79,"column":0},"end":{"line":79,"column":73}},"79":{"start":{"line":80,"column":0},"end":{"line":80,"column":104}},"80":{"start":{"line":81,"column":0},"end":{"line":81,"column":81}},"81":{"start":{"line":82,"column":0},"end":{"line":82,"column":86}},"82":{"start":{"line":83,"column":0},"end":{"line":83,"column":65}},"83":{"start":{"line":84,"column":0},"end":{"line":84,"column":48}},"84":{"start":{"line":85,"column":0},"end":{"line":85,"column":46}},"85":{"start":{"line":86,"column":0},"end":{"line":86,"column":73}},"86":{"start":{"line":87,"column":0},"end":{"line":87,"column":93}},"87":{"start":{"line":88,"column":0},"end":{"line":88,"column":77}},"88":{"start":{"line":89,"column":0},"end":{"line":89,"column":85}},"89":{"start":{"line":90,"column":0},"end":{"line":90,"column":104}},"90":{"start":{"line":91,"column":0},"end":{"line":91,"column":55}},"91":{"start":{"line":92,"column":0},"end":{"line":92,"column":54}},"93":{"start":{"line":94,"column":0},"end":{"line":94,"column":46}},"94":{"start":{"line":95,"column":0},"end":{"line":95,"column":42}},"95":{"start":{"line":96,"column":0},"end":{"line":96,"column":38}},"96":{"start":{"line":97,"column":0},"end":{"line":97,"column":68}},"97":{"start":{"line":98,"column":0},"end":{"line":98,"column":103}},"98":{"start":{"line":99,"column":0},"end":{"line":99,"column":98}},"99":{"start":{"line":100,"column":0},"end":{"line":100,"column":38}},"100":{"start":{"line":101,"column":0},"end":{"line":101,"column":38}},"101":{"start":{"line":102,"column":0},"end":{"line":102,"column":29}},"102":{"start":{"line":103,"column":0},"end":{"line":103,"column":23}},"103":{"start":{"line":104,"column":0},"end":{"line":104,"column":56}},"104":{"start":{"line":105,"column":0},"end":{"line":105,"column":61}},"105":{"start":{"line":106,"column":0},"end":{"line":106,"column":64}},"106":{"start":{"line":107,"column":0},"end":{"line":107,"column":29}},"108":{"start":{"line":109,"column":0},"end":{"line":109,"column":21}},"110":{"start":{"line":111,"column":0},"end":{"line":111,"column":18}},"112":{"start":{"line":113,"column":0},"end":{"line":113,"column":1}}},"s":{"0":1,"2":1,"3":1,"7":1,"9":1,"10":1,"11":1,"12":1,"13":1,"28":10,"29":10,"30":10,"31":5,"32":0,"33":0,"35":18,"36":18,"37":18,"39":18,"40":6,"41":6,"42":6,"43":6,"45":6,"46":5,"47":5,"49":6,"50":6,"52":6,"53":18,"55":18,"56":18,"57":18,"58":18,"59":18,"60":5,"62":18,"64":18,"66":18,"67":12,"68":12,"69":10,"70":10,"71":10,"72":10,"73":10,"75":10,"76":10,"77":10,"78":10,"79":10,"80":10,"81":10,"82":10,"83":10,"84":10,"85":10,"86":10,"87":10,"88":10,"89":20,"90":10,"91":10,"93":10,"94":10,"95":10,"96":10,"97":10,"98":10,"99":10,"100":10,"101":10,"102":12,"103":12,"104":7,"105":7,"106":7,"108":12,"110":18,"112":18},"branchMap":{"0":{"type":"branch","line":29,"loc":{"start":{"line":29,"column":0},"end":{"line":34,"column":1}},"locations":[{"start":{"line":29,"column":0},"end":{"line":34,"column":1}}]},"1":{"type":"branch","line":30,"loc":{"start":{"line":30,"column":32},"end":{"line":30,"column":43}},"locations":[{"start":{"line":30,"column":32},"end":{"line":30,"column":43}}]},"2":{"type":"branch","line":31,"loc":{"start":{"line":31,"column":30},"end":{"line":32,"column":40}},"locations":[{"start":{"line":31,"column":30},"end":{"line":32,"column":40}}]},"3":{"type":"branch","line":32,"loc":{"start":{"line":32,"column":37},"end":{"line":34,"column":1}},"locations":[{"start":{"line":32,"column":37},"end":{"line":34,"column":1}}]},"4":{"type":"branch","line":36,"loc":{"start":{"line":36,"column":0},"end":{"line":113,"column":1}},"locations":[{"start":{"line":36,"column":0},"end":{"line":113,"column":1}}]},"5":{"type":"branch","line":60,"loc":{"start":{"line":60,"column":18},"end":{"line":60,"column":64}},"locations":[{"start":{"line":60,"column":18},"end":{"line":60,"column":64}}]},"6":{"type":"branch","line":60,"loc":{"start":{"line":60,"column":58},"end":{"line":61,"column":87}},"locations":[{"start":{"line":60,"column":58},"end":{"line":61,"column":87}}]},"7":{"type":"branch","line":65,"loc":{"start":{"line":65,"column":13},"end":{"line":65,"column":47}},"locations":[{"start":{"line":65,"column":13},"end":{"line":65,"column":47}}]},"8":{"type":"branch","line":67,"loc":{"start":{"line":67,"column":14},"end":{"line":109,"column":21}},"locations":[{"start":{"line":67,"column":14},"end":{"line":109,"column":21}}]},"9":{"type":"branch","line":104,"loc":{"start":{"line":104,"column":50},"end":{"line":107,"column":29}},"locations":[{"start":{"line":104,"column":50},"end":{"line":107,"column":29}}]},"10":{"type":"branch","line":40,"loc":{"start":{"line":40,"column":14},"end":{"line":54,"column":7}},"locations":[{"start":{"line":40,"column":14},"end":{"line":54,"column":7}}]},"11":{"type":"branch","line":41,"loc":{"start":{"line":41,"column":39},"end":{"line":51,"column":9}},"locations":[{"start":{"line":41,"column":39},"end":{"line":51,"column":9}}]},"12":{"type":"branch","line":44,"loc":{"start":{"line":44,"column":34},"end":{"line":44,"column":41}},"locations":[{"start":{"line":44,"column":34},"end":{"line":44,"column":41}}]},"13":{"type":"branch","line":46,"loc":{"start":{"line":46,"column":49},"end":{"line":48,"column":13}},"locations":[{"start":{"line":46,"column":49},"end":{"line":48,"column":13}}]},"14":{"type":"branch","line":69,"loc":{"start":{"line":69,"column":43},"end":{"line":102,"column":29}},"locations":[{"start":{"line":69,"column":43},"end":{"line":102,"column":29}}]},"15":{"type":"branch","line":89,"loc":{"start":{"line":89,"column":72},"end":{"line":90,"column":104}},"locations":[{"start":{"line":89,"column":72},"end":{"line":90,"column":104}}]}},"b":{"0":[10],"1":[0],"2":[5],"3":[0],"4":[18],"5":[12],"6":[5],"7":[6],"8":[12],"9":[7],"10":[6],"11":[6],"12":[0],"13":[5],"14":[10],"15":[20]},"fnMap":{"0":{"name":"calculateProgress","decl":{"start":{"line":29,"column":0},"end":{"line":34,"column":1}},"loc":{"start":{"line":29,"column":0},"end":{"line":34,"column":1}},"line":29},"1":{"name":"Recent","decl":{"start":{"line":36,"column":0},"end":{"line":113,"column":1}},"loc":{"start":{"line":36,"column":0},"end":{"line":113,"column":1}},"line":36},"2":{"name":"fetchRecentItineraries","decl":{"start":{"line":41,"column":39},"end":{"line":51,"column":9}},"loc":{"start":{"line":41,"column":39},"end":{"line":51,"column":9}},"line":41}},"f":{"0":10,"1":18,"2":6}}
,"A:\\CuB1\\TripFlow\\frontend\\src\\components\\dashboard\\Stats.tsx": {"path":"A:\\CuB1\\TripFlow\\frontend\\src\\components\\dashboard\\Stats.tsx","all":false,"statementMap":{"0":{"start":{"line":1,"column":0},"end":{"line":1,"column":67}},"2":{"start":{"line":3,"column":0},"end":{"line":3,"column":44}},"5":{"start":{"line":6,"column":0},"end":{"line":6,"column":55}},"7":{"start":{"line":8,"column":0},"end":{"line":8,"column":80}},"8":{"start":{"line":9,"column":0},"end":{"line":9,"column":47}},"9":{"start":{"line":10,"column":0},"end":{"line":10,"column":54}},"18":{"start":{"line":19,"column":0},"end":{"line":19,"column":21}},"20":{"start":{"line":21,"column":0},"end":{"line":21,"column":21}},"21":{"start":{"line":22,"column":0},"end":{"line":22,"column":17}},"22":{"start":{"line":23,"column":0},"end":{"line":23,"column":29}},"23":{"start":{"line":24,"column":0},"end":{"line":24,"column":53}},"24":{"start":{"line":25,"column":0},"end":{"line":25,"column":6}},"25":{"start":{"line":26,"column":0},"end":{"line":26,"column":21}},"26":{"start":{"line":27,"column":0},"end":{"line":27,"column":35}},"27":{"start":{"line":28,"column":0},"end":{"line":28,"column":44}},"28":{"start":{"line":29,"column":0},"end":{"line":29,"column":6}},"29":{"start":{"line":30,"column":0},"end":{"line":30,"column":17}},"30":{"start":{"line":31,"column":0},"end":{"line":31,"column":35}},"31":{"start":{"line":32,"column":0},"end":{"line":32,"column":52}},"32":{"start":{"line":33,"column":0},"end":{"line":33,"column":6}},"33":{"start":{"line":34,"column":0},"end":{"line":34,"column":1}},"35":{"start":{"line":36,"column":0},"end":{"line":36,"column":61}},"36":{"start":{"line":37,"column":0},"end":{"line":37,"column":45}},"37":{"start":{"line":38,"column":0},"end":{"line":38,"column":47}},"38":{"start":{"line":39,"column":0},"end":{"line":39,"column":16}},"39":{"start":{"line":40,"column":0},"end":{"line":40,"column":20}},"40":{"start":{"line":41,"column":0},"end":{"line":41,"column":30}},"41":{"start":{"line":42,"column":0},"end":{"line":42,"column":33}},"42":{"start":{"line":43,"column":0},"end":{"line":43,"column":10}},"43":{"start":{"line":44,"column":0},"end":{"line":44,"column":7}},"45":{"start":{"line":46,"column":0},"end":{"line":46,"column":17}},"46":{"start":{"line":47,"column":0},"end":{"line":47,"column":1}},"48":{"start":{"line":49,"column":0},"end":{"line":49,"column":33}},"49":{"start":{"line":50,"column":0},"end":{"line":50,"column":60}},"51":{"start":{"line":52,"column":0},"end":{"line":52,"column":21}},"52":{"start":{"line":53,"column":0},"end":{"line":53,"column":40}},"53":{"start":{"line":54,"column":0},"end":{"line":54,"column":51}},"54":{"start":{"line":55,"column":0},"end":{"line":55,"column":35}},"56":{"start":{"line":57,"column":0},"end":{"line":57,"column":69}},"57":{"start":{"line":58,"column":0},"end":{"line":58,"column":34}},"58":{"start":{"line":59,"column":0},"end":{"line":59,"column":9}},"60":{"start":{"line":61,"column":0},"end":{"line":61,"column":21}},"61":{"start":{"line":62,"column":0},"end":{"line":62,"column":11}},"63":{"start":{"line":64,"column":0},"end":{"line":64,"column":59}},"64":{"start":{"line":65,"column":0},"end":{"line":65,"column":12}},"65":{"start":{"line":66,"column":0},"end":{"line":66,"column":42}},"66":{"start":{"line":67,"column":0},"end":{"line":67,"column":34}},"67":{"start":{"line":68,"column":0},"end":{"line":68,"column":26}},"68":{"start":{"line":69,"column":0},"end":{"line":69,"column":34}},"69":{"start":{"line":70,"column":0},"end":{"line":70,"column":36}},"70":{"start":{"line":71,"column":0},"end":{"line":71,"column":38}},"71":{"start":{"line":72,"column":0},"end":{"line":72,"column":38}},"72":{"start":{"line":73,"column":0},"end":{"line":73,"column":18}},"73":{"start":{"line":74,"column":0},"end":{"line":74,"column":15}},"74":{"start":{"line":75,"column":0},"end":{"line":75,"column":18}},"76":{"start":{"line":77,"column":0},"end":{"line":77,"column":1}}},"s":{"0":1,"2":1,"5":1,"7":1,"8":1,"9":1,"18":1,"20":1,"21":1,"22":1,"23":1,"24":1,"25":1,"26":1,"27":1,"28":1,"29":1,"30":1,"31":1,"32":1,"33":1,"35":7,"36":7,"37":21,"38":21,"39":21,"40":21,"41":21,"42":21,"43":7,"45":7,"46":7,"48":14,"49":14,"51":14,"52":7,"53":7,"54":7,"56":7,"57":7,"58":7,"60":7,"61":14,"63":14,"64":7,"65":7,"66":7,"67":21,"68":21,"69":21,"70":21,"71":21,"72":21,"73":7,"74":7,"76":7},"branchMap":{"0":{"type":"branch","line":36,"loc":{"start":{"line":36,"column":0},"end":{"line":47,"column":1}},"locations":[{"start":{"line":36,"column":0},"end":{"line":47,"column":1}}]},"1":{"type":"branch","line":37,"loc":{"start":{"line":37,"column":30},"end":{"line":44,"column":5}},"locations":[{"start":{"line":37,"column":30},"end":{"line":44,"column":5}}]},"2":{"type":"branch","line":49,"loc":{"start":{"line":49,"column":0},"end":{"line":77,"column":1}},"locations":[{"start":{"line":49,"column":0},"end":{"line":77,"column":1}}]},"3":{"type":"branch","line":64,"loc":{"start":{"line":64,"column":16},"end":{"line":77,"column":1}},"locations":[{"start":{"line":64,"column":16},"end":{"line":77,"column":1}}]},"4":{"type":"branch","line":52,"loc":{"start":{"line":52,"column":14},"end":{"line":62,"column":7}},"locations":[{"start":{"line":52,"column":14},"end":{"line":62,"column":7}}]},"5":{"type":"branch","line":53,"loc":{"start":{"line":53,"column":27},"end":{"line":59,"column":9}},"locations":[{"start":{"line":53,"column":27},"end":{"line":59,"column":9}}]},"6":{"type":"branch","line":55,"loc":{"start":{"line":55,"column":28},"end":{"line":55,"column":35}},"locations":[{"start":{"line":55,"column":28},"end":{"line":55,"column":35}}]},"7":{"type":"branch","line":67,"loc":{"start":{"line":67,"column":23},"end":{"line":73,"column":18}},"locations":[{"start":{"line":67,"column":23},"end":{"line":73,"column":18}}]}},"b":{"0":[7],"1":[21],"2":[14],"3":[7],"4":[7],"5":[7],"6":[0],"7":[21]},"fnMap":{"0":{"name":"mapUserStatsToStats","decl":{"start":{"line":36,"column":0},"end":{"line":47,"column":1}},"loc":{"start":{"line":36,"column":0},"end":{"line":47,"column":1}},"line":36},"1":{"name":"Stats","decl":{"start":{"line":49,"column":0},"end":{"line":77,"column":1}},"loc":{"start":{"line":49,"column":0},"end":{"line":77,"column":1}},"line":49},"2":{"name":"fetchStats","decl":{"start":{"line":53,"column":27},"end":{"line":59,"column":9}},"loc":{"start":{"line":53,"column":27},"end":{"line":59,"column":9}},"line":53}},"f":{"0":7,"1":14,"2":7}}
,"A:\\CuB1\\TripFlow\\frontend\\src\\components\\dashboard\\TagsSection.tsx": {"path":"A:\\CuB1\\TripFlow\\frontend\\src\\components\\dashboard\\TagsSection.tsx","all":false,"statementMap":{"0":{"start":{"line":1,"column":0},"end":{"line":1,"column":74}},"2":{"start":{"line":3,"column":0},"end":{"line":3,"column":56}},"4":{"start":{"line":5,"column":0},"end":{"line":5,"column":44}},"6":{"start":{"line":7,"column":0},"end":{"line":7,"column":46}},"7":{"start":{"line":8,"column":0},"end":{"line":8,"column":47}},"14":{"start":{"line":15,"column":0},"end":{"line":15,"column":79}},"15":{"start":{"line":16,"column":0},"end":{"line":16,"column":11}},"16":{"start":{"line":17,"column":0},"end":{"line":17,"column":15}},"17":{"start":{"line":18,"column":0},"end":{"line":18,"column":18}},"18":{"start":{"line":19,"column":0},"end":{"line":19,"column":21}},"19":{"start":{"line":20,"column":0},"end":{"line":20,"column":24}},"20":{"start":{"line":21,"column":0},"end":{"line":21,"column":25}},"21":{"start":{"line":22,"column":0},"end":{"line":22,"column":43}},"23":{"start":{"line":24,"column":0},"end":{"line":24,"column":12}},"24":{"start":{"line":25,"column":0},"end":{"line":25,"column":44}},"25":{"start":{"line":26,"column":0},"end":{"line":26,"column":70}},"26":{"start":{"line":27,"column":0},"end":{"line":27,"column":33}},"28":{"start":{"line":29,"column":0},"end":{"line":29,"column":20}},"30":{"start":{"line":31,"column":0},"end":{"line":31,"column":44}},"31":{"start":{"line":32,"column":0},"end":{"line":32,"column":54}},"32":{"start":{"line":33,"column":0},"end":{"line":33,"column":40}},"33":{"start":{"line":34,"column":0},"end":{"line":34,"column":85}},"34":{"start":{"line":35,"column":0},"end":{"line":35,"column":35}},"35":{"start":{"line":36,"column":0},"end":{"line":36,"column":66}},"36":{"start":{"line":37,"column":0},"end":{"line":37,"column":68}},"37":{"start":{"line":38,"column":0},"end":{"line":38,"column":45}},"39":{"start":{"line":40,"column":0},"end":{"line":40,"column":47}},"40":{"start":{"line":41,"column":0},"end":{"line":41,"column":37}},"41":{"start":{"line":42,"column":0},"end":{"line":42,"column":28}},"42":{"start":{"line":43,"column":0},"end":{"line":43,"column":23}},"43":{"start":{"line":44,"column":0},"end":{"line":44,"column":22}},"45":{"start":{"line":46,"column":0},"end":{"line":46,"column":56}},"46":{"start":{"line":47,"column":0},"end":{"line":47,"column":26}},"47":{"start":{"line":48,"column":0},"end":{"line":48,"column":40}},"48":{"start":{"line":49,"column":0},"end":{"line":49,"column":42}},"49":{"start":{"line":50,"column":0},"end":{"line":50,"column":35}},"50":{"start":{"line":51,"column":0},"end":{"line":51,"column":38}},"51":{"start":{"line":52,"column":0},"end":{"line":52,"column":67}},"52":{"start":{"line":53,"column":0},"end":{"line":53,"column":68}},"53":{"start":{"line":54,"column":0},"end":{"line":54,"column":53}},"54":{"start":{"line":55,"column":0},"end":{"line":55,"column":22}},"55":{"start":{"line":56,"column":0},"end":{"line":56,"column":27}},"56":{"start":{"line":57,"column":0},"end":{"line":57,"column":46}},"57":{"start":{"line":58,"column":0},"end":{"line":58,"column":49}},"58":{"start":{"line":59,"column":0},"end":{"line":59,"column":37}},"59":{"start":{"line":60,"column":0},"end":{"line":60,"column":48}},"60":{"start":{"line":61,"column":0},"end":{"line":61,"column":22}},"61":{"start":{"line":62,"column":0},"end":{"line":62,"column":18}},"62":{"start":{"line":63,"column":0},"end":{"line":63,"column":14}},"64":{"start":{"line":65,"column":0},"end":{"line":65,"column":1}}},"s":{"0":1,"2":1,"4":1,"6":1,"7":1,"14":16,"15":16,"16":16,"17":16,"18":16,"19":16,"20":16,"21":16,"23":16,"24":16,"25":16,"26":16,"28":16,"30":16,"31":16,"32":16,"33":43,"34":43,"35":43,"36":43,"37":43,"39":43,"40":43,"41":43,"42":16,"43":16,"45":16,"46":16,"47":16,"48":16,"49":16,"50":16,"51":16,"52":16,"53":16,"54":16,"55":16,"56":16,"57":16,"58":16,"59":16,"60":16,"61":16,"62":16,"64":16},"branchMap":{"0":{"type":"branch","line":15,"loc":{"start":{"line":15,"column":0},"end":{"line":65,"column":1}},"locations":[{"start":{"line":15,"column":0},"end":{"line":65,"column":1}}]},"1":{"type":"branch","line":33,"loc":{"start":{"line":33,"column":30},"end":{"line":42,"column":28}},"locations":[{"start":{"line":33,"column":30},"end":{"line":42,"column":28}}]}},"b":{"0":[16],"1":[43]},"fnMap":{"0":{"name":"TagsSection","decl":{"start":{"line":15,"column":0},"end":{"line":65,"column":1}},"loc":{"start":{"line":15,"column":0},"end":{"line":65,"column":1}},"line":15},"1":{"name":"onClick","decl":{"start":{"line":37,"column":41},"end":{"line":37,"column":68}},"loc":{"start":{"line":37,"column":41},"end":{"line":37,"column":68}},"line":37},"2":{"name":"onChange","decl":{"start":{"line":52,"column":34},"end":{"line":52,"column":67}},"loc":{"start":{"line":52,"column":34},"end":{"line":52,"column":67}},"line":52}},"f":{"0":16,"1":0,"2":0}}
,"A:\\CuB1\\TripFlow\\frontend\\src\\components\\form\\ActivityForm.tsx": {"path":"A:\\CuB1\\TripFlow\\frontend\\src\\components\\form\\ActivityForm.tsx","all":false,"statementMap":{"0":{"start":{"line":1,"column":0},"end":{"line":1,"column":70}},"3":{"start":{"line":4,"column":0},"end":{"line":4,"column":70}},"5":{"start":{"line":6,"column":0},"end":{"line":6,"column":49}},"7":{"start":{"line":8,"column":0},"end":{"line":8,"column":47}},"8":{"start":{"line":9,"column":0},"end":{"line":9,"column":51}},"9":{"start":{"line":10,"column":0},"end":{"line":10,"column":57}},"19":{"start":{"line":20,"column":0},"end":{"line":20,"column":38}},"20":{"start":{"line":21,"column":0},"end":{"line":21,"column":13}},"21":{"start":{"line":22,"column":0},"end":{"line":22,"column":18}},"22":{"start":{"line":23,"column":0},"end":{"line":23,"column":21}},"23":{"start":{"line":24,"column":0},"end":{"line":24,"column":21}},"24":{"start":{"line":25,"column":0},"end":{"line":25,"column":20}},"25":{"start":{"line":26,"column":0},"end":{"line":26,"column":23}},"26":{"start":{"line":27,"column":0},"end":{"line":27,"column":100}},"27":{"start":{"line":28,"column":0},"end":{"line":28,"column":17}},"28":{"start":{"line":29,"column":0},"end":{"line":29,"column":22}},"29":{"start":{"line":30,"column":0},"end":{"line":30,"column":24}},"30":{"start":{"line":31,"column":0},"end":{"line":31,"column":6}},"32":{"start":{"line":33,"column":0},"end":{"line":33,"column":12}},"33":{"start":{"line":34,"column":0},"end":{"line":34,"column":45}},"34":{"start":{"line":35,"column":0},"end":{"line":35,"column":51}},"35":{"start":{"line":36,"column":0},"end":{"line":36,"column":54}},"36":{"start":{"line":37,"column":0},"end":{"line":37,"column":43}},"37":{"start":{"line":38,"column":0},"end":{"line":38,"column":95}},"38":{"start":{"line":39,"column":0},"end":{"line":39,"column":22}},"39":{"start":{"line":40,"column":0},"end":{"line":40,"column":23}},"40":{"start":{"line":41,"column":0},"end":{"line":41,"column":46}},"41":{"start":{"line":42,"column":0},"end":{"line":42,"column":55}},"42":{"start":{"line":43,"column":0},"end":{"line":43,"column":46}},"43":{"start":{"line":44,"column":0},"end":{"line":44,"column":18}},"45":{"start":{"line":46,"column":0},"end":{"line":46,"column":49}},"46":{"start":{"line":47,"column":0},"end":{"line":47,"column":48}},"47":{"start":{"line":48,"column":0},"end":{"line":48,"column":52}},"48":{"start":{"line":49,"column":0},"end":{"line":49,"column":34}},"49":{"start":{"line":50,"column":0},"end":{"line":50,"column":44}},"50":{"start":{"line":51,"column":0},"end":{"line":51,"column":41}},"51":{"start":{"line":52,"column":0},"end":{"line":52,"column":70}},"52":{"start":{"line":53,"column":0},"end":{"line":53,"column":26}},"53":{"start":{"line":54,"column":0},"end":{"line":54,"column":23}},"54":{"start":{"line":55,"column":0},"end":{"line":55,"column":22}},"56":{"start":{"line":57,"column":0},"end":{"line":57,"column":26}},"57":{"start":{"line":58,"column":0},"end":{"line":58,"column":43}},"58":{"start":{"line":59,"column":0},"end":{"line":59,"column":40}},"59":{"start":{"line":60,"column":0},"end":{"line":60,"column":69}},"60":{"start":{"line":61,"column":0},"end":{"line":61,"column":29}},"61":{"start":{"line":62,"column":0},"end":{"line":62,"column":18}},"63":{"start":{"line":64,"column":0},"end":{"line":64,"column":53}},"64":{"start":{"line":65,"column":0},"end":{"line":65,"column":33}},"65":{"start":{"line":66,"column":0},"end":{"line":66,"column":47}},"66":{"start":{"line":67,"column":0},"end":{"line":67,"column":59}},"67":{"start":{"line":68,"column":0},"end":{"line":68,"column":22}},"68":{"start":{"line":69,"column":0},"end":{"line":69,"column":22}},"69":{"start":{"line":70,"column":0},"end":{"line":70,"column":18}},"70":{"start":{"line":71,"column":0},"end":{"line":71,"column":14}},"72":{"start":{"line":73,"column":0},"end":{"line":73,"column":1}}},"s":{"0":1,"3":1,"5":1,"7":1,"8":1,"9":1,"19":21,"20":21,"21":21,"22":21,"23":21,"24":21,"25":21,"26":21,"27":21,"28":21,"29":21,"30":21,"32":21,"33":21,"34":21,"35":21,"36":21,"37":21,"38":21,"39":21,"40":21,"41":21,"42":21,"43":21,"45":21,"46":21,"47":21,"48":63,"49":63,"50":63,"51":63,"52":63,"53":21,"54":21,"56":21,"57":21,"58":21,"59":21,"60":21,"61":21,"63":21,"64":21,"65":21,"66":21,"67":21,"68":21,"69":21,"70":21,"72":21},"branchMap":{"0":{"type":"branch","line":20,"loc":{"start":{"line":20,"column":0},"end":{"line":73,"column":1}},"locations":[{"start":{"line":20,"column":0},"end":{"line":73,"column":1}}]},"1":{"type":"branch","line":48,"loc":{"start":{"line":48,"column":40},"end":{"line":53,"column":26}},"locations":[{"start":{"line":48,"column":40},"end":{"line":53,"column":26}}]}},"b":{"0":[21],"1":[63]},"fnMap":{"0":{"name":"ActivityForm","decl":{"start":{"line":20,"column":0},"end":{"line":73,"column":1}},"loc":{"start":{"line":20,"column":0},"end":{"line":73,"column":1}},"line":20}},"f":{"0":21}}
,"A:\\CuB1\\TripFlow\\frontend\\src\\components\\form\\AuthForm.tsx": {"path":"A:\\CuB1\\TripFlow\\frontend\\src\\components\\form\\AuthForm.tsx","all":false,"statementMap":{"0":{"start":{"line":1,"column":0},"end":{"line":1,"column":61}},"2":{"start":{"line":3,"column":0},"end":{"line":3,"column":33}},"5":{"start":{"line":6,"column":0},"end":{"line":6,"column":47}},"6":{"start":{"line":7,"column":0},"end":{"line":7,"column":49}},"7":{"start":{"line":8,"column":0},"end":{"line":8,"column":43}},"27":{"start":{"line":28,"column":0},"end":{"line":28,"column":65}},"28":{"start":{"line":29,"column":0},"end":{"line":29,"column":9}},"29":{"start":{"line":30,"column":0},"end":{"line":30,"column":14}},"30":{"start":{"line":31,"column":0},"end":{"line":31,"column":11}},"31":{"start":{"line":32,"column":0},"end":{"line":32,"column":14}},"32":{"start":{"line":33,"column":0},"end":{"line":33,"column":9}},"33":{"start":{"line":34,"column":0},"end":{"line":34,"column":22}},"34":{"start":{"line":35,"column":0},"end":{"line":35,"column":51}},"36":{"start":{"line":37,"column":0},"end":{"line":37,"column":62}},"37":{"start":{"line":38,"column":0},"end":{"line":38,"column":62}},"38":{"start":{"line":39,"column":0},"end":{"line":39,"column":4}},"40":{"start":{"line":41,"column":0},"end":{"line":41,"column":42}},"41":{"start":{"line":42,"column":0},"end":{"line":42,"column":23}},"42":{"start":{"line":43,"column":0},"end":{"line":43,"column":21}},"43":{"start":{"line":44,"column":0},"end":{"line":44,"column":4}},"45":{"start":{"line":46,"column":0},"end":{"line":46,"column":10}},"46":{"start":{"line":47,"column":0},"end":{"line":47,"column":38}},"47":{"start":{"line":48,"column":0},"end":{"line":48,"column":38}},"48":{"start":{"line":49,"column":0},"end":{"line":49,"column":30}},"49":{"start":{"line":50,"column":0},"end":{"line":50,"column":15}},"50":{"start":{"line":51,"column":0},"end":{"line":51,"column":60}},"51":{"start":{"line":52,"column":0},"end":{"line":52,"column":39}},"52":{"start":{"line":53,"column":0},"end":{"line":53,"column":14}},"53":{"start":{"line":54,"column":0},"end":{"line":54,"column":28}},"54":{"start":{"line":55,"column":0},"end":{"line":55,"column":36}},"55":{"start":{"line":56,"column":0},"end":{"line":56,"column":67}},"57":{"start":{"line":58,"column":0},"end":{"line":58,"column":70}},"58":{"start":{"line":59,"column":0},"end":{"line":59,"column":27}},"59":{"start":{"line":60,"column":0},"end":{"line":60,"column":20}},"60":{"start":{"line":61,"column":0},"end":{"line":61,"column":18}},"61":{"start":{"line":62,"column":0},"end":{"line":62,"column":41}},"62":{"start":{"line":63,"column":0},"end":{"line":63,"column":29}},"63":{"start":{"line":64,"column":0},"end":{"line":64,"column":31}},"64":{"start":{"line":65,"column":0},"end":{"line":65,"column":51}},"65":{"start":{"line":66,"column":0},"end":{"line":66,"column":37}},"66":{"start":{"line":67,"column":0},"e
[...]
,"A:\\CuB1\\TripFlow\\frontend\\src\\services\\statsService.ts": {"path":"A:\\CuB1\\TripFlow\\frontend\\src\\services\\statsService.ts","all":false,"statementMap":{"1":{"start":{"line":2,"column":0},"end":{"line":2,"column":45}},"3":{"start":{"line":4,"column":0},"end":{"line":4,"column":34}},"10":{"start":{"line":11,"column":0},"end":{"line":11,"column":66}},"11":{"start":{"line":12,"column":0},"end":{"line":12,"column":63}},"12":{"start":{"line":13,"column":0},"end":{"line":13,"column":1}}},"s":{"1":1,"3":1,"10":0,"11":0,"12":0},"branchMap":{},"b":{},"fnMap":{"0":{"name":"getUserStats","decl":{"start":{"line":11,"column":0},"end":{"line":13,"column":1}},"loc":{"start":{"line":11,"column":0},"end":{"line":13,"column":1}},"line":11}},"f":{"0":0}}
,"A:\\CuB1\\TripFlow\\frontend\\src\\utils\\formatUtils.ts": {"path":"A:\\CuB1\\TripFlow\\frontend\\src\\utils\\formatUtils.ts","all":false,"statementMap":{"6":{"start":{"line":7,"column":0},"end":{"line":7,"column":80}},"7":{"start":{"line":8,"column":0},"end":{"line":8,"column":61}},"8":{"start":{"line":9,"column":0},"end":{"line":9,"column":24}},"9":{"start":{"line":10,"column":0},"end":{"line":10,"column":22}},"10":{"start":{"line":11,"column":0},"end":{"line":11,"column":57}},"11":{"start":{"line":12,"column":0},"end":{"line":12,"column":7}},"12":{"start":{"line":13,"column":0},"end":{"line":13,"column":2}},"14":{"start":{"line":15,"column":0},"end":{"line":15,"column":49}},"15":{"start":{"line":16,"column":0},"end":{"line":16,"column":75}},"16":{"start":{"line":17,"column":0},"end":{"line":17,"column":79}},"18":{"start":{"line":19,"column":0},"end":{"line":19,"column":66}},"19":{"start":{"line":20,"column":0},"end":{"line":20,"column":51}},"20":{"start":{"line":21,"column":0},"end":{"line":21,"column":2}},"22":{"start":{"line":23,"column":0},"end":{"line":23,"column":58}},"23":{"start":{"line":24,"column":0},"end":{"line":24,"column":46}},"24":{"start":{"line":25,"column":0},"end":{"line":25,"column":48}},"25":{"start":{"line":26,"column":0},"end":{"line":26,"column":48}},"26":{"start":{"line":27,"column":0},"end":{"line":27,"column":52}},"27":{"start":{"line":28,"column":0},"end":{"line":28,"column":18}},"28":{"start":{"line":29,"column":0},"end":{"line":29,"column":2}}},"s":{"6":1,"7":72,"8":72,"9":72,"10":72,"11":72,"12":72,"14":1,"15":53,"16":53,"18":53,"19":53,"20":53,"22":1,"23":9,"24":9,"25":9,"26":2,"27":0,"28":0},"branchMap":{"0":{"type":"branch","line":7,"loc":{"start":{"line":7,"column":26},"end":{"line":13,"column":2}},"locations":[{"start":{"line":7,"column":26},"end":{"line":13,"column":2}}]},"1":{"type":"branch","line":11,"loc":{"start":{"line":11,"column":13},"end":{"line":11,"column":35}},"locations":[{"start":{"line":11,"column":13},"end":{"line":11,"column":35}}]},"2":{"type":"branch","line":11,"loc":{"start":{"line":11,"column":22},"end":{"line":11,"column":47}},"locations":[{"start":{"line":11,"column":22},"end":{"line":11,"column":47}}]},"3":{"type":"branch","line":11,"loc":{"start":{"line":11,"column":35},"end":{"line":11,"column":57}},"locations":[{"start":{"line":11,"column":35},"end":{"line":11,"column":57}}]},"4":{"type":"branch","line":15,"loc":{"start":{"line":15,"column":28},"end":{"line":21,"column":2}},"locations":[{"start":{"line":15,"column":28},"end":{"line":21,"column":2}}]},"5":{"type":"branch","line":19,"loc":{"start":{"line":19,"column":24},"end":{"line":19,"column":53}},"locations":[{"start":{"line":19,"column":24},"end":{"line":19,"column":53}}]},"6":{"type":"branch","line":19,"loc":{"start":{"line":19,"column":53},"end":{"line":19,"column":66}},"locations":[{"start":{"line":19,"column":53},"end":{"line":19,"column":66}}]},"7":{"type":"branch","line":23,"loc":{"start":{"line":23,"column":28},"end":{"line":29,"column":2}},"locations":[{"start":{"line":23,"column":28},"end":{"line":29,"column":2}}]},"8":{"type":"branch","line":24,"loc":{"start":{"line":24,"column":28},"end":{"line":24,"column":46}},"locations":[{"start":{"line":24,"column":28},"end":{"line":24,"column":46}}]},"9":{"type":"branch","line":24,"loc":{"start":{"line":24,"column":35},"end":{"line":25,"column":37}},"locations":[{"start":{"line":24,"column":35},"end":{"line":25,"column":37}}]},"10":{"type":"branch","line":25,"loc":{"start":{"line":25,"column":30},"end":{"line":25,"column":48}},"locations":[{"start":{"line":25,"column":30},"end":{"line":25,"column":48}}]},"11":{"type":"branch","line":25,"loc":{"start":{"line":25,"column":37},"end":{"line":26,"column":37}},"locations":[{"start":{"line":25,"column":37},"end":{"line":26,"column":37}}]},"12":{"type":"branch","line":26,"loc":{"start":{"line":26,"column":30},"end":{"line":27,"column":52}},"locations":[{"start":{"line":26,"column":30},"end":{"line":27,"column":52}}]},"13":{"type":"branch","line":27,"loc":{"start":{"line":27,"column":39},"end":{"line":29,"column":2}},"locations":[{"start":{"line":27,"column":39},"end":{"line":29,"column":2}}]}},"b":{"0":[72],"1":[19],"2":[19],"3":[53],"4":[53],"5":[0],"6":[0],"7":[9],"8":[2],"9":[7],"10":[3],"11":[4],"12":[2],"13":[0]},"fnMap":{"0":{"name":"formatDate","decl":{"start":{"line":7,"column":26},"end":{"line":13,"column":2}},"loc":{"start":{"line":7,"column":26},"end":{"line":13,"column":2}},"line":7},"1":{"name":"formatBudget","decl":{"start":{"line":15,"column":28},"end":{"line":21,"column":2}},"loc":{"start":{"line":15,"column":28},"end":{"line":21,"column":2}},"line":15},"2":{"name":"formatStatus","decl":{"start":{"line":23,"column":28},"end":{"line":29,"column":2}},"loc":{"start":{"line":23,"column":28},"end":{"line":29,"column":2}},"line":23}},"f":{"0":72,"1":53,"2":9}}
,"A:\\CuB1\\TripFlow\\frontend\\src\\utils\\localStorageUtils.ts": {"path":"A:\\CuB1\\TripFlow\\frontend\\src\\utils\\localStorageUtils.ts","all":false,"statementMap":{"6":{"start":{"line":7,"column":0},"end":{"line":7,"column":68}},"7":{"start":{"line":8,"column":0},"end":{"line":8,"column":45}},"8":{"start":{"line":9,"column":0},"end":{"line":9,"column":29}},"10":{"start":{"line":11,"column":0},"end":{"line":11,"column":7}},"11":{"start":{"line":12,"column":0},"end":{"line":12,"column":37}},"12":{"start":{"line":13,"column":0},"end":{"line":13,"column":19}},"13":{"start":{"line":14,"column":0},"end":{"line":14,"column":68}},"14":{"start":{"line":15,"column":0},"end":{"line":15,"column":16}},"15":{"start":{"line":16,"column":0},"end":{"line":16,"column":3}},"16":{"start":{"line":17,"column":0},"end":{"line":17,"column":1}},"23":{"start":{"line":24,"column":0},"end":{"line":24,"column":67}},"24":{"start":{"line":25,"column":0},"end":{"line":25,"column":7}},"25":{"start":{"line":26,"column":0},"end":{"line":26,"column":42}},"26":{"start":{"line":27,"column":0},"end":{"line":27,"column":40}},"27":{"start":{"line":28,"column":0},"end":{"line":28,"column":19}},"28":{"start":{"line":29,"column":0},"end":{"line":29,"column":65}},"29":{"start":{"line":30,"column":0},"end":{"line":30,"column":3}},"30":{"start":{"line":31,"column":0},"end":{"line":31,"column":1}},"36":{"start":{"line":37,"column":0},"end":{"line":37,"column":59}},"37":{"start":{"line":38,"column":0},"end":{"line":38,"column":7}},"38":{"start":{"line":39,"column":0},"end":{"line":39,"column":33}},"39":{"start":{"line":40,"column":0},"end":{"line":40,"column":19}},"40":{"start":{"line":41,"column":0},"end":{"line":41,"column":69}},"41":{"start":{"line":42,"column":0},"end":{"line":42,"column":3}},"42":{"start":{"line":43,"column":0},"end":{"line":43,"column":1}}},"s":{"6":1,"7":1103,"8":1103,"10":0,"11":0,"12":0,"13":0,"14":0,"15":0,"16":1103,"23":1,"24":0,"25":0,"26":0,"27":0,"28":0,"29":0,"30":0,"36":1,"37":0,"38":0,"39":0,"40":0,"41":0,"42":0},"branchMap":{"0":{"type":"branch","line":7,"loc":{"start":{"line":7,"column":7},"end":{"line":17,"column":1}},"locations":[{"start":{"line":7,"column":7},"end":{"line":17,"column":1}}]},"1":{"type":"branch","line":9,"loc":{"start":{"line":9,"column":24},"end":{"line":16,"column":3}},"locations":[{"start":{"line":9,"column":24},"end":{"line":16,"column":3}}]}},"b":{"0":[1103],"1":[0]},"fnMap":{"0":{"name":"retrieveFromLocalStorage","decl":{"start":{"line":7,"column":7},"end":{"line":17,"column":1}},"loc":{"start":{"line":7,"column":7},"end":{"line":17,"column":1}},"line":7},"1":{"name":"saveToLocalStorage","decl":{"start":{"line":24,"column":7},"end":{"line":31,"column":1}},"loc":{"start":{"line":24,"column":7},"end":{"line":31,"column":1}},"line":24},"2":{"name":"removeFromLocalStorage","decl":{"start":{"line":37,"column":7},"end":{"line":43,"column":1}},"loc":{"start":{"line":37,"column":7},"end":{"line":43,"column":1}},"line":37}},"f":{"0":1103,"1":0,"2":0}}
,"A:\\CuB1\\TripFlow\\frontend\\src\\utils\\validationUtils.ts": {"path":"A:\\CuB1\\TripFlow\\frontend\\src\\utils\\validationUtils.ts","all":false,"statementMap":{"1":{"start":{"line":2,"column":0},"end":{"line":2,"column":41}},"2":{"start":{"line":3,"column":0},"end":{"line":3,"column":72}},"3":{"start":{"line":4,"column":0},"end":{"line":4,"column":31}},"4":{"start":{"line":5,"column":0},"end":{"line":5,"column":30}},"5":{"start":{"line":6,"column":0},"end":{"line":6,"column":30}},"19":{"start":{"line":20,"column":0},"end":{"line":20,"column":33}},"20":{"start":{"line":21,"column":0},"end":{"line":21,"column":19}},"21":{"start":{"line":22,"column":0},"end":{"line":22,"column":18}},"22":{"start":{"line":23,"column":0},"end":{"line":23,"column":21}},"23":{"start":{"line":24,"column":0},"end":{"line":24,"column":44}},"24":{"start":{"line":25,"column":0},"end":{"line":25,"column":77}},"25":{"start":{"line":26,"column":0},"end":{"line":26,"column":3}},"27":{"start":{"line":28,"column":0},"end":{"line":28,"column":52}},"29":{"start":{"line":30,"column":0},"end":{"line":30,"column":6}},"30":{"start":{"line":31,"column":0},"end":{"line":31,"column":44}},"31":{"start":{"line":32,"column":0},"end":{"line":32,"column":41}},"32":{"start":{"line":33,"column":0},"end":{"line":33,"column":5}},"33":{"start":{"line":34,"column":0},"end":{"line":34,"column":12}},"34":{"start":{"line":35,"column":0},"end":{"line":35,"column":21}},"35":{"start":{"line":36,"column":0},"end":{"line":36,"column":113}},"36":{"start":{"line":37,"column":0},"end":{"line":37,"column":6}},"37":{"start":{"line":38,"column":0},"end":{"line":38,"column":3}},"39":{"start":{"line":40,"column":0},"end":{"line":40,"column":39}},"40":{"start":{"line":41,"column":0},"end":{"line":41,"column":12}},"41":{"start":{"line":42,"column":0},"end":{"line":42,"column":21}},"42":{"start":{"line":43,"column":0},"end":{"line":43,"column":12}},"43":{"start":{"line":44,"column":0},"end":{"line":44,"column":84}},"44":{"start":{"line":45,"column":0},"end":{"line":45,"column":6}},"45":{"start":{"line":46,"column":0},"end":{"line":46,"column":3}},"47":{"start":{"line":48,"column":0},"end":{"line":48,"column":40}},"48":{"start":{"line":49,"column":0},"end":{"line":49,"column":1}},"58":{"start":{"line":59,"column":0},"end":{"line":59,"column":33}},"59":{"start":{"line":60,"column":0},"end":{"line":60,"column":19}},"60":{"start":{"line":61,"column":0},"end":{"line":61,"column":27}},"61":{"start":{"line":62,"column":0},"end":{"line":62,"column":18}},"62":{"start":{"line":63,"column":0},"end":{"line":63,"column":21}},"63":{"start":{"line":64,"column":0},"end":{"line":64,"column":44}},"64":{"start":{"line":65,"column":0},"end":{"line":65,"column":70}},"65":{"start":{"line":66,"column":0},"end":{"line":66,"column":3}},"67":{"start":{"line":68,"column":0},"end":{"line":68,"column":52}},"69":{"start":{"line":70,"column":0},"end":{"line":70,"column":46}},"70":{"start":{"line":71,"column":0},"end":{"line":71,"column":12}},"71":{"start":{"line":72,"column":0},"end":{"line":72,"column":21}},"72":{"start":{"line":73,"column":0},"end":{"line":73,"column":84}},"73":{"start":{"line":74,"column":0},"end":{"line":74,"column":6}},"74":{"start":{"line":75,"column":0},"end":{"line":75,"column":3}},"76":{"start":{"line":77,"column":0},"end":{"line":77,"column":39}},"77":{"start":{"line":78,"column":0},"end":{"line":78,"column":12}},"78":{"start":{"line":79,"column":0},"end":{"line":79,"column":21}},"79":{"start":{"line":80,"column":0},"end":{"line":80,"column":12}},"80":{"start":{"line":81,"column":0},"end":{"line":81,"column":101}},"81":{"start":{"line":82,"column":0},"end":{"line":82,"column":6}},"82":{"start":{"line":83,"column":0},"end":{"line":83,"column":3}},"84":{"start":{"line":85,"column":0},"end":{"line":85,"column":37}},"85":{"start":{"line":86,"column":0},"end":{"line":86,"column":70}},"86":{"start":{"line":87,"column":0},"end":{"line":87,"column":3}},"88":{"start":{"line":89,"column":0},"end":{"line":89,"column":40}},"89":{"start":{"line":90,"column":0},"end":{"line":90,"column":1}}},"s":{"1":1,"2":1,"3":1,"4":1,"5":1,"19":1,"20":30,"21":30,"22":30,"23":30,"24":6,"25":6,"27":27,"29":14,"30":14,"31":13,"32":30,"33":2,"34":2,"35":2,"36":2,"37":2,"39":17,"40":1,"41":1,"42":1,"43":1,"44":1,"45":1,"47":11,"48":11,"58":1,"59":30,"60":30,"61":30,"62":30,"63":30,"64":10,"65":10,"67":25,"69":17,"70":1,"71":1,"72":1,"73":1,"74":1,"76":17,"77":4,"78":4,"79":4,"80":4,"81":4,"82":4,"84":17,"85":1,"86":1,"88":6,"89":6},"branchMap":{"0":{"type":"branch","line":20,"loc":{"start":{"line":20,"column":7},"end":{"line":49,"column":1}},"locations":[{"start":{"line":20,"column":7},"end":{"line":49,"column":1}}]},"1":{"type":"branch","line":24,"loc":{"start":{"line":24,"column":7},"end":{"line":24,"column":43}},"locations":[{"start":{"line":24,"column":7},"end":{"line":24,"column":43}}]},"2":{"type":"branch","line":24,"loc":{"start":{"line":24,"column":43},"end":{"line":26,"column":3}},"locations":[{"start":{"line":24,"column":43},"end":{"line":26,"column":3}}]},"3":{"type":"branch","line":26,"loc":{"start":{"line":26,"column":2},"end":{"line":28,"column":52}},"locations":[{"start":{"line":26,"column":2},"end":{"line":28,"column":52}}]},"4":{"type":"branch","line":26,"loc":{"start":{"line":26,"column":2},"end":{"line":28,"column":21}},"locations":[{"start":{"line":26,"column":2},"end":{"line":28,"column":21}}]},"5":{"type":"branch","line":28,"loc":{"start":{"line":28,"column":14},"end":{"line":28,"column":52}},"locations":[{"start":{"line":28,"column":14},"end":{"line":28,"column":52}}]},"6":{"type":"branch","line":28,"loc":{"start":{"line":28,"column":50},"end":{"line":32,"column":41}},"locations":[{"start":{"line":28,"column":50},"end":{"line":32,"column":41}}]},"7":{"type":"branch","line":28,"loc":{"start":{"line":28,"column":50},"end":{"line":31,"column":44}},"locations":[{"start":{"line":28,"column":50},"end":{"line":31,"column":44}}]},"8":{"type":"branch","line":31,"loc":{"start":{"line":31,"column":22},"end":{"line":32,"column":41}},"locations":[{"start":{"line":31,"column":22},"end":{"line":32,"column":41}}]},"9":{"type":"branch","line":33,"loc":{"start":{"line":33,"column":4},"end":{"line":49,"column":1}},"locations":[{"start":{"line":33,"column":4},"end":{"line":49,"column":1}}]},"10":{"type":"branch","line":33,"loc":{"start":{"line":33,"column":4},"end":{"line":38,"column":3}},"locations":[{"start":{"line":33,"column":4},"end":{"line":38,"column":3}}]},"11":{"type":"branch","line":38,"loc":{"start":{"line":38,"column":2},"end":{"line":40,"column":38}},"locations":[{"start":{"line":38,"column":2},"end":{"line":40,"column":38}}]},"12":{"type":"branch","line":40,"loc":{"start":{"line":40,"column":38},"end":{"line":46,"column":3}},"locations":[{"start":{"line":40,"column":38},"end":{"line":46,"column":3}}]},"13":{"type":"branch","line":46,"loc":{"start":{"line":46,"column":2},"end":{"line":49,"column":1}},"locations":[{"start":{"line":46,"column":2},"end":{"line":49,"column":1}}]},"14":{"type":"branch","line":59,"loc":{"start":{"line":59,"column":7},"end":{"line":90,"column":1}},"locations":[{"start":{"line":59,"column":7},"end":{"line":90,"column":1}}]},"15":{"type":"branch","line":64,"loc":{"start":{"line":64,"column":7},"end":{"line":64,"column":43}},"locations":[{"start":{"line":64,"column":7},"end":{"line":64,"column":43}}]},"16":{"type":"branch","line":64,"loc":{"start":{"line":64,"column":43},"end":{"line":66,"column":3}},"locations":[{"start":{"line":64,"column":43},"end":{"line":66,"column":3}}]},"17":{"type":"branch","line":66,"loc":{"start":{"line":66,"column":2},"end":{"line":68,"column":52}},"locations":[{"start":{"line":66,"column":2},"end":{"line":68,"column":52}}]},"18":{"type":"branch","line":66,"loc":{"start":{"line":66,"column":2},"end":{"line":68,"column":21}},"locations":[{"start":{"line":66,"column":2},"end":{"line":68,"column":21}}]},"19":{"type":"branch","line":68,"loc":{"start":{"line":68,"column":14},"end":{"line":68,"column":52}},"locations":[{"start":{"line":68,"column":14},"end":{"line":68,"column":52}}]},"20":{"type":"branch","line":68,"loc":{"start":{"line":68,"column":50},"end":{"line":90,"column":1}},"locations":[{"start":{"line":68,"column":50},"end":{"line":90,"column":1}}]},"21":{"type":"branch","line":68,"loc":{"start":{"line":68,"column":50},"end":{"line":70,"column":45}},"locations":[{"start":{"line":68,"column":50},"end":{"line":70,"column":45}}]},"22":{"type":"branch","line":70,"loc":{"start":{"line":70,"column":45},"end":{"line":75,"column":3}},"locations":[{"start":{"line":70,"column":45},"end":{"line":75,"column":3}}]},"23":{"type":"branch","line":75,"loc":{"start":{"line":75,"column":2},"end":{"line":77,"column":38}},"locations":[{"start":{"line":75,"column":2},"end":{"line":77,"column":38}}]},"24":{"type":"branch","line":77,"loc":{"start":{"line":77,"column":38},"end":{"line":83,"column":3}},"locations":[{"start":{"line":77,"column":38},"end":{"line":83,"column":3}}]},"25":{"type":"branch","line":83,"loc":{"start":{"line":83,"column":2},"end":{"line":85,"column":36}},"locations":[{"start":{"line":83,"column":2},"end":{"line":85,"column":36}}]},"26":{"type":"branch","line":85,"loc":{"start":{"line":85,"column":36},"end":{"line":87,"column":3}},"locations":[{"start":{"line":85,"column":36},"end":{"line":87,"column":3}}]},"27":{"type":"branch","line":87,"loc":{"start":{"line":87,"column":2},"end":{"line":90,"column":1}},"locations":[{"start":{"line":87,"column":2},"end":{"line":90,"column":1}}]}},"b":{"0":[30],"1":[26],"2":[6],"3":[27],"4":[24],"5":[10],"6":[17],"7":[14],"8":[13],"9":[17],"10":[2],"11":[12],"12":[1],"13":[11],"14":[30],"15":[22],"16":[10],"17":[25],"18":[20],"19":[8],"20":[17],"21":[12],"22":[1],"23":[11],"24":[4],"25":[7],"26":[1],"27":[6]},"fnMap":{"0":{"name":"validateUsername","decl":{"start":{"line":20,"column":7},"end":{"line":49,"column":1}},"loc":{"start":{"line":20,"column":7},"end":{"line":49,"column":1}},"line":20},"1":{"name":"validatePassword","decl":{"start":{"line":59,"column":7},"end":{"line":90,"column":1}},"loc":{"start":{"line":59,"column":7},"end":{"line":90,"column":1}},"line":59}},"f":{"0":30,"1":30}}
}
